(---------------------------------------------------------------------)
(                                                                     )
(    Allegro Netrev Import Logic                                      )
(                                                                     )
(    Drawing          : maxrefdes117_apps_a.brd                       )
(    Software Version : 16.6-2015S066                                 )
(    Date/Time        : Thu Apr 14 16:12:45 2016                      )
(                                                                     )
(---------------------------------------------------------------------)


------ Directives ------------

Ripup etch:                  No
Ripup delete first segment:  No
Ripup retain bondwire:       No
Ripup symbols:               Always
Missing symbol has error:    No
DRC update:                  Yes
Schematic directory:         'C:\allegro_home\maxrefdes117_apps_a\worklib\maxrefdes117_apps_a\packaged'
Design Directory:            '.'
Old design name:             'C:/allegro_home/maxrefdes117_apps_a/worklib/maxrefdes117_apps_a/physical/maxrefdes117_apps_a.brd'
New design name:             'C:/allegro_home/maxrefdes117_apps_a/worklib/maxrefdes117_apps_a/physical/maxrefdes117_apps_a.brd'

CmdLine: netrev -proj C:\allegro_home\maxrefdes117_apps_a\maxrefdes117_apps_a.cpm -y 1 -u -z -O C:\allegro_home\maxrefdes117_apps_a\worklib\maxrefdes117_apps_a\physical\maxrefdes117_apps_a.brd C:\allegro_home\maxrefdes117_apps_a\worklib\maxrefdes117_apps_a\physical\maxrefdes117_apps_a.brd -q C:\allegro_home\maxrefdes117_apps_a\temp\constraints_difference_report.xml -$

------ Preparing to read pst files ------

Starting to read C:/allegro_home/maxrefdes117_apps_a/worklib/maxrefdes117_apps_a/packaged/pstchip.dat 
   Finished reading C:/allegro_home/maxrefdes117_apps_a/worklib/maxrefdes117_apps_a/packaged/pstchip.dat (00:00:00.22)
Starting to read C:/allegro_home/maxrefdes117_apps_a/worklib/maxrefdes117_apps_a/packaged/pstxprt.dat 
   Finished reading C:/allegro_home/maxrefdes117_apps_a/worklib/maxrefdes117_apps_a/packaged/pstxprt.dat (00:00:00.00)
Starting to read C:/allegro_home/maxrefdes117_apps_a/worklib/maxrefdes117_apps_a/packaged/pstxnet.dat 
   Finished reading C:/allegro_home/maxrefdes117_apps_a/worklib/maxrefdes117_apps_a/packaged/pstxnet.dat (00:00:00.00)

------ Oversights/Warnings/Errors ------




===========================================================
Start Constraint Diff3 Import
	Constraint File:    C:/allegro_home/maxrefdes117_apps_a/worklib/maxrefdes117_apps_a/packaged/pstcmdb.dat
	Allegro Baseline:   c:/Temp/#Taaaaad08160.tmp
	Start time: Thu Apr 14 16:12:46 2016
===========================================================


The constraint difference report file can be viewed using the following command:
C:\Cadence\SPB_16.6\tools\firefox\bin\firefox.exe -app C:\Cadence\SPB_16.6\share\pcb\consmgr\VDD\diff3rptViewer\diff3rptViewer.ini -file file:///C:/allegro_home/maxrefdes117_apps_a/temp/constraints_difference_report.xml

===========================================================
Finished Constraint Update	Time: Thu Apr 14 16:12:46 2016
===========================================================

------ Library Paths ------
MODULEPATH =  \\sjcndsa01a.maxim-ic.com\tp_loc\hw_cardcat\allegrolib\site\pcb\maximlib\modules 

PSMPATH =  \\sjcndsa01a.maxim-ic.com\tp_loc\hw_cardcat\allegrolib\site\pcb\maximlib\symbols 

PADPATH =  \\sjcndsa01a.maxim-ic.com\tp_loc\hw_cardcat\allegrolib\site\pcb\maximlib\padstacks 


------ Summary Statistics ------


netrev run on Apr 14 16:12:45 2016
   DESIGN NAME : 'MAXREFDES117_APPS_A'
   PACKAGING ON 14-Apr-2016 AT 16:12:39

   COMPILE 'logic'
   CHECK_PIN_NAMES OFF
   CROSS_REFERENCE OFF
   DIRECTORIES  <none>
   FEEDBACK OFF
   INCREMENTAL OFF
   INTERFACE_TYPE PHYSICAL
   LIBRARIES  'maxrefdes117_apps_a' 'standard' 'mml' 'evkit_noncompliant'
              'rf_comp_lib'
   MASTER_LIBRARIES  <none>
   MAX_ERRORS 500
   MERGE_MINIMUM 5
   NET_NAME_CHARS '#%&()*+-./:=>?@[]^_`|'
   NET_NAME_LENGTH 24
   OVERSIGHTS ON
   REPLACE_CHECK OFF
   SINGLE_NODE_NETS ON
   SPLIT_MINIMUM 0
   SUPPRESS   20
   WARNINGS ON

 No error detected
 No oversight detected
 No warning detected

cpu time      0:03:43
elapsed time  0:00:01

