	(Comment
		(Time 01/11/10,13:31:03)
		(User Owen.Tanate)
		(MsgId ECO_021)
		(Text "Package CAP_NP_CAPR1000-500X1300X9001 added to cell")
		(Param1 CAP_NP_CAPR1000-500X1300X9001)
	)
	(Comment
		(Time 01/11/10,13:33:05)
		(User Owen.Tanate)
		(MsgId ECO_021)
		(Text "Package CAP_NP_CAPA2286-1510X7501 added to cell")
		(Param1 CAP_NP_CAPA2286-1510X7501)
	)
	(Comment
		(Time 05/21/10,15:00:10)
		(User Owen.Tanate)
		(MsgId ECO_021)
		(Text "Package CAP_NP_CAPR508-381X762X9141 added to cell")
		(Param1 CAP_NP_CAPR508-381X762X9141)
	)
	(Comment
		(Time 07/21/10,17:10:38)
		(User Owen.Tanate)
		(MsgId ECO_021)
		(Text "Package CAP_NP_CAPR508-381X762X9141 added to cell")
		(Param1 CAP_NP_CAPR508-381X762X9141)
	)
	(Comment
		(Time 07/21/10,17:11:38)
		(User Owen.Tanate)
		(MsgId ECO_021)
		(Text "Package CAP_NP_CAPR590-460X1140X9101 added to cell")
		(Param1 CAP_NP_CAPR590-460X1140X9101)
	)
	(Comment
		(Time 07/30/10,14:27:21)
		(User Daphine.Salazar)
		(MsgId ECO_021)
		(Text "Package CAP_NP_0402CAP1 added to cell")
		(Param1 CAP_NP_0402CAP1)
	)
	(Comment
		(Time 09/16/10,15:09:33)
		(User Daphine.Salazar)
		(MsgId ECO_021)
		(Text "Package CAP_NP_0402CAP1 added to cell")
		(Param1 CAP_NP_0402CAP1)
	)
	(Comment
		(Time 10/07/10,17:39:07)
		(User Daphine.Salazar)
		(MsgId ECO_021)
		(Text "Package CAP_NP_CAPR360-560X990X9401 added to cell")
		(Param1 CAP_NP_CAPR360-560X990X9401)
	)
	(Comment
		(Time 10/08/10,11:04:39)
		(User Daphine.Salazar)
		(MsgId ECO_021)
		(Text "Package CAP_NP_CAPA4000-2900X13001 added to cell")
		(Param1 CAP_NP_CAPA4000-2900X13001)
	)
	(Comment
		(Time 10/22/10,13:33:01)
		(User Daphine.Salazar)
		(MsgId ECO_021)
		(Text "Package CAP_NP_CAPR1000-500X1300X9001 added to cell")
		(Param1 CAP_NP_CAPR1000-500X1300X9001)
	)
	(Comment
		(Time 10/22/10,13:33:58)
		(User Daphine.Salazar)
		(MsgId ECO_021)
		(Text "Package CAP_NP_CAPA2286-1670X9101 added to cell")
		(Param1 CAP_NP_CAPA2286-1670X9101)
	)
	(Comment
		(Time 11/10/10,13:19:57)
		(User Daphine.Salazar)
		(MsgId ECO_021)
		(Text "Package CAP_NP_CAPR500-300X720X7501 added to cell")
		(Param1 CAP_NP_CAPR500-300X720X7501)
	)

	(Comment
		(Time 11/17/10,15:48:27)
		(User Ryan.Cabreza)
		(MsgId USR)
		(Text "Change part status of some parts from ACTIVE to OBSOLETE based from HWLAB confirmation")
	)
	(Comment
		(Time 12/08/10,14:54:16)
		(User Daphine.Salazar)
		(MsgId ECO_021)
		(Text "Package CAP_NP_CAPR508-318X508X6601 added to cell")
		(Param1 CAP_NP_CAPR508-318X508X6601)
	)

	(Comment
		(Time 02/17/11,10:11:01)
		(User Ryan.Cabreza)
		(MsgId USR)
		(Text "Added 2 additional alternate symbol in 0201")
	)
	(Comment
		(Time 03/15/11,03:07:54)
		(User Ryan.Cabreza)
		(MsgId ECO_021)
		(Text "Package CAP_NP_0508CAP1 added to cell")
		(Param1 CAP_NP_0508CAP1)
	)
	(Comment
		(Time 06/15/11,14:42:47)
		(User Ryan.Cabreza)
		(MsgId ECO_021)
		(Text "Package CAP_NP_0508CAP1 added to cell")
		(Param1 CAP_NP_0508CAP1)
	)
	(Comment
		(Time 06/24/11,15:27:43)
		(User Ryan.Cabreza)
		(MsgId ECO_021)
		(Text "Package CAP_NP_0805CAP1 added to cell")
		(Param1 CAP_NP_0805CAP1)
	)
	(Comment
		(Time 07/05/11,11:40:33)
		(User Ryan.Cabreza)
		(MsgId ECO_021)
		(Text "Package CAP_NP_CAPR1000-500X1300X9001 added to cell")
		(Param1 CAP_NP_CAPR1000-500X1300X9001)
	)
	(Comment
		(Time 08/04/11,17:42:23)
		(User Moises.Condicion)
		(MsgId ECO_021)
		(Text "Package CAP_NP_CAPR1500-700X1750X13501 added to cell")
		(Param1 CAP_NP_CAPR1500-700X1750X13501)
	)
	(Comment
		(Time 08/05/11,08:57:49)
		(User Moises.Condicion)
		(MsgId ECO_021)
		(Text "Package CAP_NP_CAPR1500-700X1850X16001 added to cell")
		(Param1 CAP_NP_CAPR1500-700X1850X16001)
	)
	(Comment
		(Time 08/05/11,14:10:39)
		(User Moises.Condicion)
		(MsgId ECO_021)
		(Text "Package CAP_NP_CAPR2250-1150X2600X22501 added to cell")
		(Param1 CAP_NP_CAPR2250-1150X2600X22501)
	)
	(Comment
		(Time 10/17/11,13:46:54)
		(User Ryan.Cabreza)
		(MsgId ECO_021)
		(Text "Package CAP_NP_0201CAP1 added to cell")
		(Param1 CAP_NP_0201CAP1)
	)
	(Comment
		(Time 10/17/11,13:48:07)
		(User Ryan.Cabreza)
		(MsgId ECO_021)
		(Text "Package CAP_NP_CODE_28241 added to cell")
		(Param1 CAP_NP_CODE_28241)
	)
	(Comment
		(Time 02/11/12,12:01:02)
		(User Ryan.Cabreza)
		(MsgId ECO_021)
		(Text "Package CAP_NP_CODE_65601 added to cell")
		(Param1 CAP_NP_CODE_65601)
	)

	(Comment
		(Time 02/11/12,12:02:14)
		(User Ryan.Cabreza)
		(MsgId USR)
		(Text "Added CAPR300-460X690X610 package")
	)
	(Comment
		(Time 04/26/12,12:55:38)
		(User ryan.cabreza)
		(MsgId ECO_021)
		(Text "Package CAP_NP_CAPR300-460X690X6101 added to cell")
		(Param1 CAP_NP_CAPR300-460X690X6101)
	)

	(Comment
		(Time 07/26/12,10:20:20)
		(User Ryan.Cabreza)
		(MsgId USR)
		(Text "ADDED 0201CAPM TO SET AS REPLACEMENT FOR 0201CAP")
	)
	(Comment
		(Time 07/26/12,10:18:54)
		(User Ryan.Cabreza)
		(MsgId ECO_021)
		(Text "Package CAP_NP_0201CAP1 added to cell")
		(Param1 CAP_NP_0201CAP1)
	)
	(Comment
		(Time 07/26/12,10:20:29)
		(User Ryan.Cabreza)
		(MsgId ECO_332)
		(Text "Revision for symbol sym_4 has been updated to 1.0.0")
		(Param1 sym_4)
		(Param2 1.0.0)
	)
	(Comment
		(Time 07/26/12,10:20:29)
		(User Ryan.Cabreza)
		(MsgId ECO_332)
		(Text "Revision for symbol sym_1 has been updated to 1.0.0")
		(Param1 sym_1)
		(Param2 1.0.0)
	)
	(Comment
		(Time 07/26/12,10:20:29)
		(User Ryan.Cabreza)
		(MsgId ECO_332)
		(Text "Revision for symbol sym_2 has been updated to 1.0.0")
		(Param1 sym_2)
		(Param2 1.0.0)
	)
	(Comment
		(Time 07/26/12,10:20:29)
		(User Ryan.Cabreza)
		(MsgId ECO_332)
		(Text "Revision for symbol sym_3 has been updated to 1.0.0")
		(Param1 sym_3)
		(Param2 1.0.0)
	)
	(Comment
		(Time 07/26/12,10:20:29)
		(User Ryan.Cabreza)
		(MsgId ECO_333)
		(Text "Revision for package CAP_NP_0201CAP has been updated to 1.0.0")
		(Param1 CAP_NP_0201CAP)
		(Param2 1.0.0)
	)
	(Comment
		(Time 07/26/12,10:20:29)
		(User Ryan.Cabreza)
		(MsgId ECO_333)
		(Text "Revision for package CAP_NP_0402CAP has been updated to 1.0.0")
		(Param1 CAP_NP_0402CAP)
		(Param2 1.0.0)
	)
	(Comment
		(Time 07/26/12,10:20:29)
		(User Ryan.Cabreza)
		(MsgId ECO_333)
		(Text "Revision for package CAP_NP_0603CAP has been updated to 1.0.0")
		(Param1 CAP_NP_0603CAP)
		(Param2 1.0.0)
	)
	(Comment
		(Time 07/26/12,10:20:29)
		(User Ryan.Cabreza)
		(MsgId ECO_333)
		(Text "Revision for package CAP_NP_1206CAP has been updated to 1.0.0")
		(Param1 CAP_NP_1206CAP)
		(Param2 1.0.0)
	)
	(Comment
		(Time 07/26/12,10:20:29)
		(User Ryan.Cabreza)
		(MsgId ECO_333)
		(Text "Revision for package CAP_NP_0805CAP has been updated to 1.0.0")
		(Param1 CAP_NP_0805CAP)
		(Param2 1.0.0)
	)
	(Comment
		(Time 07/26/12,10:20:29)
		(User Ryan.Cabreza)
		(MsgId ECO_333)
		(Text "Revision for package CAP_NP_CAPR1000-500X1300X900 has been updated to 1.0.0")
		(Param1 CAP_NP_CAPR1000-500X1300X900)
		(Param2 1.0.0)
	)
	(Comment
		(Time 07/26/12,10:20:29)
		(User Ryan.Cabreza)
		(MsgId ECO_333)
		(Text "Revision for package CAP_NP_CAPA2286-1510X750 has been updated to 1.0.0")
		(Param1 CAP_NP_CAPA2286-1510X750)
		(Param2 1.0.0)
	)
	(Comment
		(Time 07/26/12,10:20:29)
		(User Ryan.Cabreza)
		(MsgId ECO_333)
		(Text "Revision for package CAP_NP_CAPA2286-1670X910 has been updated to 1.0.0")
		(Param1 CAP_NP_CAPA2286-1670X910)
		(Param2 1.0.0)
	)
	(Comment
		(Time 07/26/12,10:20:29)
		(User Ryan.Cabreza)
		(MsgId ECO_333)
		(Text "Revision for package CAP_NP_CAPA2794-1990X1150 has been updated to 1.0.0")
		(Param1 CAP_NP_CAPA2794-1990X1150)
		(Param2 1.0.0)
	)
	(Comment
		(Time 07/26/12,10:20:29)
		(User Ryan.Cabreza)
		(MsgId ECO_333)
		(Text "Revision for package CAP_NP_CAPR2000-750X2600X1500 has been updated to 1.0.0")
		(Param1 CAP_NP_CAPR2000-750X2600X1500)
		(Param2 1.0.0)
	)
	(Comment
		(Time 07/26/12,10:20:29)
		(User Ryan.Cabreza)
		(MsgId ECO_333)
		(Text "Revision for package CAP_NP_CAPA2794-1990X910 has been updated to 1.0.0")
		(Param1 CAP_NP_CAPA2794-1990X910)
		(Param2 1.0.0)
	)
	(Comment
		(Time 07/26/12,10:20:29)
		(User Ryan.Cabreza)
		(MsgId ECO_333)
		(Text "Revision for package CAP_NP_CAPA2794-1990X1030 has been updated to 1.0.0")
		(Param1 CAP_NP_CAPA2794-1990X1030)
		(Param2 1.0.0)
	)
	(Comment
		(Time 07/26/12,10:20:29)
		(User Ryan.Cabreza)
		(MsgId ECO_333)
		(Text "Revision for package CAP_NP_CAPR870-560X1650X1320 has been updated to 1.0.0")
		(Param1 CAP_NP_CAPR870-560X1650X1320)
		(Param2 1.0.0)
	)
	(Comment
		(Time 07/26/12,10:20:29)
		(User Ryan.Cabreza)
		(MsgId ECO_333)
		(Text "Revision for package CAP_NP_CAPR200-600X1200 has been updated to 1.0.0")
		(Param1 CAP_NP_CAPR200-600X1200)
		(Param2 1.0.0)
	)
	(Comment
		(Time 07/26/12,10:20:29)
		(User Ryan.Cabreza)
		(MsgId ECO_333)
		(Text "Revision for package CAP_NP_CAPR590-460X1170X910 has been updated to 1.0.0")
		(Param1 CAP_NP_CAPR590-460X1170X910)
		(Param2 1.0.0)
	)
	(Comment
		(Time 07/26/12,10:20:29)
		(User Ryan.Cabreza)
		(MsgId ECO_333)
		(Text "Revision for package CAP_NP_CAPR590-430X1140X910 has been updated to 1.0.0")
		(Param1 CAP_NP_CAPR590-430X1140X910)
		(Param2 1.0.0)
	)
	(Comment
		(Time 07/26/12,10:20:29)
		(User Ryan.Cabreza)
		(MsgId ECO_333)
		(Text "Revision for package CAP_NP_CAPR590-480X1170X940 has been updated to 1.0.0")
		(Param1 CAP_NP_CAPR590-480X1170X940)
		(Param2 1.0.0)
	)
	(Comment
		(Time 07/26/12,10:20:29)
		(User Ryan.Cabreza)
		(MsgId ECO_333)
		(Text "Revision for package CAP_NP_CAPA3048-2300X1270 has been updated to 1.0.0")
		(Param1 CAP_NP_CAPA3048-2300X1270)
		(Param2 1.0.0)
	)
	(Comment
		(Time 07/26/12,10:20:29)
		(User Ryan.Cabreza)
		(MsgId ECO_333)
		(Text "Revision for package CAP_NP_CAPR590-480X1170X970 has been updated to 1.0.0")
		(Param1 CAP_NP_CAPR590-480X1170X970)
		(Param2 1.0.0)
	)
	(Comment
		(Time 07/26/12,10:20:29)
		(User Ryan.Cabreza)
		(MsgId ECO_333)
		(Text "Revision for package CAP_NP_CAPR590-530X1190X990 has been updated to 1.0.0")
		(Param1 CAP_NP_CAPR590-530X1190X990)
		(Param2 1.0.0)
	)
	(Comment
		(Time 07/26/12,10:20:29)
		(User Ryan.Cabreza)
		(MsgId ECO_333)
		(Text "Revision for package CAP_NP_CAPR360-480X940X860 has been updated to 1.0.0")
		(Param1 CAP_NP_CAPR360-480X940X860)
		(Param2 1.0.0)
	)
	(Comment
		(Time 07/26/12,10:20:29)
		(User Ryan.Cabreza)
		(MsgId ECO_333)
		(Text "Revision for package CAP_NP_CAPR360-560X990X940 has been updated to 1.0.0")
		(Param1 CAP_NP_CAPR360-560X990X940)
		(Param2 1.0.0)
	)
	(Comment
		(Time 07/26/12,10:20:29)
		(User Ryan.Cabreza)
		(MsgId ECO_333)
		(Text "Revision for package CAP_NP_CAPR590-530X1170X970 has been updated to 1.0.0")
		(Param1 CAP_NP_CAPR590-530X1170X970)
		(Param2 1.0.0)
	)
	(Comment
		(Time 07/26/12,10:20:29)
		(User Ryan.Cabreza)
		(MsgId ECO_333)
		(Text "Revision for package CAP_NP_CAPR870-530X1650X1300 has been updated to 1.0.0")
		(Param1 CAP_NP_CAPR870-530X1650X1300)
		(Param2 1.0.0)
	)
	(Comment
		(Time 07/26/12,10:20:29)
		(User Ryan.Cabreza)
		(MsgId ECO_333)
		(Text "Revision for package CAP_NP_CAPR590-460X1140X910 has been updated to 1.0.0")
		(Param1 CAP_NP_CAPR590-460X1140X910)
		(Param2 1.0.0)
	)
	(Comment
		(Time 07/26/12,10:20:29)
		(User Ryan.Cabreza)
		(MsgId ECO_333)
		(Text "Revision for package CAP_NP_0508CAP has been updated to 1.0.0")
		(Param1 CAP_NP_0508CAP)
		(Param2 1.0.0)
	)
	(Comment
		(Time 07/26/12,10:20:29)
		(User Ryan.Cabreza)
		(MsgId ECO_333)
		(Text "Revision for package CAP_NP_1210CAP has been updated to 1.0.0")
		(Param1 CAP_NP_1210CAP)
		(Param2 1.0.0)
	)
	(Comment
		(Time 07/26/12,10:20:29)
		(User Ryan.Cabreza)
		(MsgId ECO_333)
		(Text "Revision for package CAP_NP_2220CAP has been updated to 1.0.0")
		(Param1 CAP_NP_2220CAP)
		(Param2 1.0.0)
	)
	(Comment
		(Time 07/26/12,10:20:29)
		(User Ryan.Cabreza)
		(MsgId ECO_333)
		(Text "Revision for package CAP_NP_CAPR508-381X762X914 has been updated to 1.0.0")
		(Param1 CAP_NP_CAPR508-381X762X914)
		(Param2 1.0.0)
	)
	(Comment
		(Time 07/26/12,10:20:29)
		(User Ryan.Cabreza)
		(MsgId ECO_333)
		(Text "Revision for package CAP_NP_CAPR508-381X1016X1168 has been updated to 1.0.0")
		(Param1 CAP_NP_CAPR508-381X1016X1168)
		(Param2 1.0.0)
	)
	(Comment
		(Time 07/26/12,10:20:29)
		(User Ryan.Cabreza)
		(MsgId ECO_333)
		(Text "Revision for package CAP_NP_CAPR254-317X508X660 has been updated to 1.0.0")
		(Param1 CAP_NP_CAPR254-317X508X660)
		(Param2 1.0.0)
	)
	(Comment
		(Time 07/26/12,10:20:29)
		(User Ryan.Cabreza)
		(MsgId ECO_333)
		(Text "Revision for package CAP_NP_CAPPR200-1000X1200 has been updated to 1.0.0")
		(Param1 CAP_NP_CAPPR200-1000X1200)
		(Param2 1.0.0)
	)
	(Comment
		(Time 07/26/12,10:20:29)
		(User Ryan.Cabreza)
		(MsgId ECO_333)
		(Text "Revision for package CAP_NP_CAPR1000-450X1300X900 has been updated to 1.0.0")
		(Param1 CAP_NP_CAPR1000-450X1300X900)
		(Param2 1.0.0)
	)
	(Comment
		(Time 07/26/12,10:20:29)
		(User Ryan.Cabreza)
		(MsgId ECO_333)
		(Text "Revision for package CAP_NP_0502CAP has been updated to 1.0.0")
		(Param1 CAP_NP_0502CAP)
		(Param2 1.0.0)
	)
	(Comment
		(Time 07/26/12,10:20:29)
		(User Ryan.Cabreza)
		(MsgId ECO_333)
		(Text "Revision for package CAP_NP_0204CAP has been updated to 1.0.0")
		(Param1 CAP_NP_0204CAP)
		(Param2 1.0.0)
	)
	(Comment
		(Time 07/26/12,10:20:29)
		(User Ryan.Cabreza)
		(MsgId ECO_333)
		(Text "Revision for package CAP_NP_CAPA4000-2900X1300 has been updated to 1.0.0")
		(Param1 CAP_NP_CAPA4000-2900X1300)
		(Param2 1.0.0)
	)
	(Comment
		(Time 07/26/12,10:20:29)
		(User Ryan.Cabreza)
		(MsgId ECO_333)
		(Text "Revision for package CAP_NP_CAPA2040-1350X680 has been updated to 1.0.0")
		(Param1 CAP_NP_CAPA2040-1350X680)
		(Param2 1.0.0)
	)
	(Comment
		(Time 07/26/12,10:20:29)
		(User Ryan.Cabreza)
		(MsgId ECO_333)
		(Text "Revision for package CAP_NP_CAPR500-500X720X1000 has been updated to 1.0.0")
		(Param1 CAP_NP_CAPR500-500X720X1000)
		(Param2 1.0.0)
	)
	(Comment
		(Time 07/26/12,10:20:29)
		(User Ryan.Cabreza)
		(MsgId ECO_333)
		(Text "Revision for package CAP_NP_CAPR500-300X720X750 has been updated to 1.0.0")
		(Param1 CAP_NP_CAPR500-300X720X750)
		(Param2 1.0.0)
	)
	(Comment
		(Time 07/26/12,10:20:29)
		(User Ryan.Cabreza)
		(MsgId ECO_333)
		(Text "Revision for package CAP_NP_CAPR508-318X508X660 has been updated to 1.0.0")
		(Param1 CAP_NP_CAPR508-318X508X660)
		(Param2 1.0.0)
	)
	(Comment
		(Time 07/26/12,10:20:29)
		(User Ryan.Cabreza)
		(MsgId ECO_333)
		(Text "Revision for package CAP_NP_CAPR750-500X1000X1050 has been updated to 1.0.0")
		(Param1 CAP_NP_CAPR750-500X1000X1050)
		(Param2 1.0.0)
	)
	(Comment
		(Time 07/26/12,10:20:29)
		(User Ryan.Cabreza)
		(MsgId ECO_333)
		(Text "Revision for package CAP_NP_0505CAP has been updated to 1.0.0")
		(Param1 CAP_NP_0505CAP)
		(Param2 1.0.0)
	)
	(Comment
		(Time 07/26/12,10:20:29)
		(User Ryan.Cabreza)
		(MsgId ECO_333)
		(Text "Revision for package CAP_NP_0306CAP has been updated to 1.0.0")
		(Param1 CAP_NP_0306CAP)
		(Param2 1.0.0)
	)
	(Comment
		(Time 07/26/12,10:20:29)
		(User Ryan.Cabreza)
		(MsgId ECO_333)
		(Text "Revision for package CAP_NP_1812CAP has been updated to 1.0.0")
		(Param1 CAP_NP_1812CAP)
		(Param2 1.0.0)
	)
	(Comment
		(Time 07/26/12,10:20:29)
		(User Ryan.Cabreza)
		(MsgId ECO_333)
		(Text "Revision for package CAP_NP_CAPR1500-700X1750X1350 has been updated to 1.0.0")
		(Param1 CAP_NP_CAPR1500-700X1750X1350)
		(Param2 1.0.0)
	)
	(Comment
		(Time 07/26/12,10:20:29)
		(User Ryan.Cabreza)
		(MsgId ECO_333)
		(Text "Revision for package CAP_NP_CAPR1500-700X1850X1600 has been updated to 1.0.0")
		(Param1 CAP_NP_CAPR1500-700X1850X1600)
		(Param2 1.0.0)
	)
	(Comment
		(Time 07/26/12,10:20:29)
		(User Ryan.Cabreza)
		(MsgId ECO_333)
		(Text "Revision for package CAP_NP_CAPR2250-1150X2600X2250 has been updated to 1.0.0")
		(Param1 CAP_NP_CAPR2250-1150X2600X2250)
		(Param2 1.0.0)
	)
	(Comment
		(Time 07/26/12,10:20:29)
		(User Ryan.Cabreza)
		(MsgId ECO_333)
		(Text "Revision for package CAP_NP_CAPR500-1100X720X1600 has been updated to 1.0.0")
		(Param1 CAP_NP_CAPR500-1100X720X1600)
		(Param2 1.0.0)
	)
	(Comment
		(Time 07/26/12,10:20:29)
		(User Ryan.Cabreza)
		(MsgId ECO_333)
		(Text "Revision for package CAP_NP_CODE_2824 has been updated to 1.0.0")
		(Param1 CAP_NP_CODE_2824)
		(Param2 1.0.0)
	)
	(Comment
		(Time 07/26/12,10:20:29)
		(User Ryan.Cabreza)
		(MsgId ECO_333)
		(Text "Revision for package CAP_NP_CODE_6560 has been updated to 1.0.0")
		(Param1 CAP_NP_CODE_6560)
		(Param2 1.0.0)
	)
	(Comment
		(Time 07/26/12,10:20:29)
		(User Ryan.Cabreza)
		(MsgId ECO_333)
		(Text "Revision for package CAP_NP_CAPR300-460X690X610 has been updated to 1.0.0")
		(Param1 CAP_NP_CAPR300-460X690X610)
		(Param2 1.0.0)
	)
	(Comment
		(Time 07/26/12,10:20:29)
		(User Ryan.Cabreza)
		(MsgId ECO_333)
		(Text "Revision for package CAP_NP_MD01 has been updated to 1.0.0")
		(Param1 CAP_NP_MD01)
		(Param2 1.0.0)
	)
	(Comment
		(Time 07/26/12,10:20:29)
		(User Ryan.Cabreza)
		(MsgId ECO_333)
		(Text "Revision for package CAP_NP_0201CAPM has been updated to 1.0.0")
		(Param1 CAP_NP_0201CAPM)
		(Param2 1.0.0)
	)
	(Comment
		(Time 07/26/12,10:20:29)
		(User Ryan.Cabreza)
		(MsgId ECO_331)
		(Text "Revision for cell cap_np has been updated to 1.0.0")
		(Param1 cap_np)
		(Param2 1.0.0)
	)
	(Comment
		(Time 10/22/12,20:11:10)
		(User Jayson.Navarro)
		(MsgId ECO_021)
		(Text "Package CAP_NP_CAPR1000-500X1300X9001 added to cell")
		(Param1 CAP_NP_CAPR1000-500X1300X9001)
	)
	(Comment
		(Time 11/27/12,11:04:10)
		(User Jayson.Navarro)
		(MsgId ECO_021)
		(Text "Package CAP_NP_CAPR1000-700X1150X15501 added to cell")
		(Param1 CAP_NP_CAPR1000-700X1150X15501)
	)
	(Comment
		(Time 03/06/13,14:16:55)
		(User Jayson.Navarro)
		(MsgId ECO_021)
		(Text "Package CAP_NP_CAPR1500-550X1750X12501 added to cell")
		(Param1 CAP_NP_CAPR1500-550X1750X12501)
	)
	(Comment
		(Time 03/06/13,14:17:44)
		(User Jayson.Navarro)
		(MsgId ECO_021)
		(Text "Package CAP_NP_CAPADH2255W90L1905D6351 added to cell")
		(Param1 CAP_NP_CAPADH2255W90L1905D6351)
	)
	(Comment
		(Time 05/20/13,17:43:11)
		(User Jayson.Navarro)
		(MsgId ECO_021)
		(Text "Package CAP_NP_0502CAP1 added to cell")
		(Param1 CAP_NP_0502CAP1)
	)
	(Comment
		(Time 06/02/14,17:34:31)
		(User Jayson.Navarro)
		(MsgId ECO_021)
		(Text "Package CAP_NP_0201CAP1 added to cell")
		(Param1 "CAP_NP_0201CAP1")
	)
	(Comment
		(Time 07/30/14,14:29:28)
		(User Jayson.Navarro)
		(MsgId ECO_021)
		(Text "Package CAP_NP_CAPR2250-1150X2600X22501 added to cell")
		(Param1 "CAP_NP_CAPR2250-1150X2600X22501")
	)
	(Comment
		(Time 11/11/14,10:11:52)
		(User Jayson.Navarro)
		(MsgId ECO_021)
		(Text "Package CAP_NP_CAPR1000-700X1150X15501 added to cell")
		(Param1 "CAP_NP_CAPR1000-700X1150X15501")
	)
	(Comment
		(Time 11/14/14,13:24:12)
		(User jayson.navarro)
		(MsgId ECO_021)
		(Text "Package CAP_NP_CAPR1000-650X1300X17501 added to cell")
		(Param1 "CAP_NP_CAPR1000-650X1300X17501")
	)
	(Comment
		(Time 11/17/14,15:27:30)
		(User jayson.navarro)
		(MsgId ECO_021)
		(Text "Package CAP_NP_CAPR1000-650X1300X17501 added to cell")
		(Param1 "CAP_NP_CAPR1000-650X1300X17501")
	)
	(Comment
		(Time 02/16/15,20:00:11)
		(User Jayson.Navarro)
		(MsgId ECO_021)
		(Text "Package CAP_NP_CAPR1000-700X950X13501 added to cell")
		(Param1 "CAP_NP_CAPR1000-700X950X13501")
	)
	(Comment
		(Time 03/27/15,19:14:27)
		(User Ryan.Cabreza)
		(MsgId ECO_021)
		(Text "Package CAP_NP_CAPR1000-650X1300X17501 added to cell")
		(Param1 "CAP_NP_CAPR1000-650X1300X17501")
	)
	(Comment
		(Time 04/09/15,16:46:19)
		(User Ryan.Cabreza)
		(MsgId ECO_021)
		(Text "Package CAP_NP_0402CAP1 added to cell")
		(Param1 "CAP_NP_0402CAP1")
	)
	(Comment
		(Time 06/01/15,13:29:59)
		(User Joseph.Duran)
		(MsgId ECO_021)
		(Text "Package CAP_NP_CAPA2794-1990X11501 added to cell")
		(Param1 "CAP_NP_CAPA2794-1990X11501")
	)
	(Comment
		(Time 06/02/15,18:22:35)
		(User ryan.cabreza)
		(MsgId ECO_021)
		(Text "Package CAP_NP_0201CAP1 added to cell")
		(Param1 "CAP_NP_0201CAP1")
	)
	(Comment
		(Time 06/04/15,20:48:38)
		(User Joseph.Duran)
		(MsgId ECO_021)
		(Text "Package CAP_NP_CAPRB500W60L900T450H1200A1 added to cell")
		(Param1 "CAP_NP_CAPRB500W60L900T450H1200A1")
	)
	(Comment
		(Time 08/04/15,20:46:18)
		(User jayson.navarro)
		(MsgId ECO_021)
		(Text "Package CAP_NP_0201CAP1 added to cell")
		(Param1 "CAP_NP_0201CAP1")
	)
	(Comment
		(Time 08/24/15,16:33:07)
		(User Joseph.Duran)
		(MsgId ECO_021)
		(Text "Package CAP_NP_CAPRR500W53L750T400H800A1 added to cell")
		(Param1 "CAP_NP_CAPRR500W53L750T400H800A1")
	)
	(Comment
		(Time 08/24/15,16:34:34)
		(User Joseph.Duran)
		(MsgId ECO_021)
		(Text "Package CAP_NP_1812CAP1 added to cell")
		(Param1 "CAP_NP_1812CAP1")
	)
	(Comment
		(Time 08/24/15,16:39:07)
		(User Joseph.Duran)
		(MsgId ECO_022)
		(Text "Package CAP_NP_CAPRR750W80L1750T780H1600 deleted from cell")
		(Param1 "CAP_NP_CAPRR750W80L1750T780H1600")
	)
	(Comment
		(Time 08/24/15,16:39:40)
		(User Joseph.Duran)
		(MsgId ECO_021)
		(Text "Package CAP_NP_CAPRR500W53L750T400H800A1 added to cell")
		(Param1 "CAP_NP_CAPRR500W53L750T400H800A1")
	)
	(Comment
		(Time 09/08/15,15:02:12)
		(User jayson.navarro)
		(MsgId ECO_021)
		(Text "Package CAP_NP_1825CAP1 added to cell")
		(Param1 "CAP_NP_1825CAP1")
	)
	(Comment
		(Time 09/08/15,23:56:56)
		(User Mariel.Mabituin)
		(MsgId ECO_021)
		(Text "Package CAP_NP_CAPR508-255X385X5851 added to cell")
		(Param1 "CAP_NP_CAPR508-255X385X5851")
	)
	(Comment
		(Time 09/09/15,00:07:25)
		(User Mariel.Mabituin)
		(MsgId ECO_021)
		(Text "Package CAP_NP_CAPRB1000W60L1100T500H2450A1 added to cell")
		(Param1 "CAP_NP_CAPRB1000W60L1100T500H2450A1")
	)
	(Comment
		(Time 09/09/15,00:13:46)
		(User Mariel.Mabituin)
		(MsgId ECO_021)
		(Text "Package CAP_NP_CAPRB950W81L2160T580H2480A1 added to cell")
		(Param1 "CAP_NP_CAPRB950W81L2160T580H2480A1")
	)
	(Comment
		(Time 10/09/15,12:02:31)
		(User Joseph.Duran)
		(MsgId ECO_021)
		(Text "Package CAP_NP_0201CAP1 added to cell")
		(Param1 "CAP_NP_0201CAP1")
	)
	(Comment
		(Time 02/22/16,14:59:54)
		(User jayson.navarro)
		(MsgId ECO_021)
		(Text "Package CAP_NP_CAP_ECQUL1 added to cell")
		(Param1 "CAP_NP_CAP_ECQUL1")
	)
	(Comment
		(Time 02/24/16,23:31:28)
		(User Joseph.Duran)
		(MsgId ECO_021)
		(Text "Package CAP_NP_CAPA2286-1510X7501 added to cell")
		(Param1 "CAP_NP_CAPA2286-1510X7501")
	)
