	(Comment
		(Time 03/06/13,16:06:39)
		(User tois)
		(MsgId ECO_022)
		(Text "Package EVKIT_TP_C170H110 deleted from cell")
		(Param1 EVKIT_TP_C170H110)
	)
	(Comment
		(Time 03/06/13,16:06:43)
		(User tois)
		(MsgId ECO_022)
		(Text "Package EVKIT_TP_C110H50 deleted from cell")
		(Param1 EVKIT_TP_C110H50)
	)
	(Comment
		(Time 03/06/13,16:06:46)
		(User tois)
		(MsgId ECO_022)
		(Text "Package EVKIT_TP_C240H180 deleted from cell")
		(Param1 EVKIT_TP_C240H180)
	)
	(Comment
		(Time 03/06/13,16:06:48)
		(User tois)
		(MsgId ECO_022)
		(Text "Package EVKIT_TP_C127H81 deleted from cell")
		(Param1 EVKIT_TP_C127H81)
	)
	(Comment
		(Time 03/06/13,16:06:51)
		(User tois)
		(MsgId ECO_022)
		(Text "Package EVKIT_TP_C25H12 deleted from cell")
		(Param1 EVKIT_TP_C25H12)
	)
	(Comment
		(Time 08/08/13,15:59:16)
		(User Vhan.Manalo)
		(MsgId ECO_081)
		(Text "Symbol sym_2 added to cell")
		(Param1 "sym_2")
	)
	(Comment
		(Time 12/16/13,18:42:24)
		(User moises.condicion)
		(MsgId ECO_021)
		(Text "Package EVKIT_TP_EVKIT_TP1 added to cell")
		(Param1 "EVKIT_TP_EVKIT_TP1")
	)
