
	(Comment
		(Time 12/01/09,09:53:37)
		(User Owen.Tanate)
		(MsgId ECO_021)
		(Text "Package RES_1210RES1 added to cell")
		(Param1 RES_1210RES1)
	)
	(Comment
		(Time 03/30/10,15:07:29)
		(User Moises.Condicion)
		(MsgId ECO_081)
		(Text "Symbol sym_3 added to cell")
		(Param1 sym_3)
	)
	(Comment
		(Time 03/30/10,15:07:41)
		(User Moises.Condicion)
		(MsgId ECO_081)
		(Text "Symbol sym_4 added to cell")
		(Param1 sym_4)
	)
	(Comment
		(Time 08/04/10,15:16:10)
		(User Daphine.Salazar)
		(MsgId ECO_021)
		(Text "Package RES_0201RES1 added to cell")
		(Param1 RES_0201RES1)
	)
	(Comment
		(Time 09/08/10,14:48:40)
		(User Daphine.Salazar)
		(MsgId ECO_021)
		(Text "Package RES_1206RES1 added to cell")
		(Param1 RES_1206RES1)
	)

	(Comment
		(Time 11/17/10,16:11:22)
		(User Ryan.Cabreza)
		(MsgId USR)
		(Text "Change part status of some parts from ACTIVE to OBSOLETE as per HWLAB confirmation")
	)
	(Comment
		(Time 12/07/10,15:25:33)
		(User Daphine.Salazar)
		(MsgId ECO_021)
		(Text "Package RES_4527RES1 added to cell")
		(Param1 RES_4527RES1)
	)
	(Comment
		(Time 08/09/12,13:49:28)
		(User Ryan.Cabreza)
		(MsgId ECO_021)
		(Text "Package RES_RES_DSMZ1 added to cell")
		(Param1 RES_RES_DSMZ1)
	)
	(Comment
		(Time 08/09/12,13:51:31)
		(User Ryan.Cabreza)
		(MsgId ECO_081)
		(Text "Symbol sym_7 added to cell")
		(Param1 sym_7)
	)
	(Comment
		(Time 08/09/12,13:56:26)
		(User Ryan.Cabreza)
		(MsgId ECO_081)
		(Text "Symbol sym_8 added to cell")
		(Param1 sym_8)
	)
	(Comment
		(Time 01/04/13,14:56:29)
		(User Ryan.Cabreza)
		(MsgId ECO_021)
		(Text "Package RES_0201RES1 added to cell")
		(Param1 RES_0201RES1)
	)
	(Comment
		(Time 02/21/13,04:59:14)
		(User tois)
		(MsgId ECO_021)
		(Text "Package RES_0201RES1 added to cell")
		(Param1 RES_0201RES1)
	)
	(Comment
		(Time 09/18/13,17:27:07)
		(User tois)
		(MsgId ECO_021)
		(Text "Package RES_0201RES1 added to cell")
		(Param1 "RES_0201RES1")
	)
	(Comment
		(Time 01/10/14,18:52:02)
		(User Jayson.Navarro)
		(MsgId ECO_021)
		(Text "Package RES_WSH2818RES1 added to cell")
		(Param1 "RES_WSH2818RES1")
	)
	(Comment
		(Time 01/13/14,13:08:56)
		(User Jayson.Navarro)
		(MsgId ECO_021)
		(Text "Package RES_RESC2550X75M1 added to cell")
		(Param1 "RES_RESC2550X75M1")
	)
	(Comment
		(Time 03/14/14,19:21:19)
		(User Ryan.Cabreza)
		(MsgId ECO_021)
		(Text "Package RES_0201RES1 added to cell")
		(Param1 "RES_0201RES1")
	)
	(Comment
		(Time 07/29/14,19:14:53)
		(User Jayson.Navarro)
		(MsgId ECO_021)
		(Text "Package RES_4527RES1 added to cell")
		(Param1 "RES_4527RES1")
	)
	(Comment
		(Time 09/12/14,17:49:08)
		(User Jayson.Navarro)
		(MsgId ECO_021)
		(Text "Package RES_0201RES1 added to cell")
		(Param1 "RES_0201RES1")
	)
	(Comment
		(Time 10/29/14,17:14:28)
		(User Jayson.Navarro)
		(MsgId ECO_021)
		(Text "Package RES_RESMELF5721M1 added to cell")
		(Param1 "RES_RESMELF5721M1")
	)
	(Comment
		(Time 04/30/15,02:16:46)
		(User tois)
		(MsgId ECO_021)
		(Text "Package RES_RESC1220X65M1 added to cell")
		(Param1 "RES_RESC1220X65M1")
	)
	(Comment
		(Time 06/11/15,15:45:02)
		(User Ryan.Cabreza)
		(MsgId ECO_021)
		(Text "Package RES_2010RES1 added to cell")
		(Param1 "RES_2010RES1")
	)
	(Comment
		(Time 07/08/15,19:13:22)
		(User tois)
		(MsgId ECO_021)
		(Text "Package RES_0201RES1 added to cell")
		(Param1 "RES_0201RES1")
	)
	(Comment
		(Time 08/07/15,13:20:27)
		(User Mariel.Mabituin)
		(MsgId ECO_021)
		(Text "Package RES_RESMELF5721M1 added to cell")
		(Param1 "RES_RESMELF5721M1")
	)
	(Comment
		(Time 09/08/15,10:58:18)
		(User Joseph.Duran)
		(MsgId ECO_021)
		(Text "Package RES_5020RES1 added to cell")
		(Param1 "RES_5020RES1")
	)
	(Comment
		(Time 09/14/15,16:40:24)
		(User Ryan.Cabreza)
		(MsgId ECO_021)
		(Text "Package RES_2512RES1 added to cell")
		(Param1 "RES_2512RES1")
	)
	(Comment
		(Time 10/12/15,16:12:43)
		(User Mariel.Mabituin)
		(MsgId ECO_021)
		(Text "Package RES_RESMELF3513M1 added to cell")
		(Param1 "RES_RESMELF3513M1")
	)
	(Comment
		(Time 01/07/16,14:39:03)
		(User Mariel.Mabituin)
		(MsgId ECO_021)
		(Text "Package RES_RESMELF2110M1 added to cell")
		(Param1 "RES_RESMELF2110M1")
	)
	(Comment
		(Time 01/13/16,16:07:56)
		(User jayson.navarro)
		(MsgId ECO_021)
		(Text "Package RES_RHC25121 added to cell")
		(Param1 "RES_RHC25121")
	)
	(Comment
		(Time 03/22/16,15:44:09)
		(User Mariel.Mabituin)
		(MsgId ECO_021)
		(Text "Package RES_2512RES1 added to cell")
		(Param1 "RES_2512RES1")
	)
