
	(Comment
		(Time 12/05/12,09:25:59)
		(User Johann.Gualberto)
		(MsgId ECO_461)
		(Text "Revision version changed from 0.0.38 to 0.0.44 for component I3 with name cap_pol on page1 of max17550_aub__evaluation_kit_p1.")
		(Param1 "0.0.38")
		(Param2 "0.0.44")
		(Param3 "I3")
		(Param4 "cap_pol")
		(Param5 "page1")
		(Param6 "max17550_aub__evaluation_kit_p1")
	)

	(Comment
		(Time 12/05/12,09:25:59)
		(User Johann.Gualberto)
		(MsgId ECO_461)
		(Text "Revision version changed from 0.0.18 to 0.0.19 for component I13 with name res_smd on page1 of max17550_aub__evaluation_kit_p1.")
		(Param1 "0.0.18")
		(Param2 "0.0.19")
		(Param3 "I13")
		(Param4 "res_smd")
		(Param5 "page1")
		(Param6 "max17550_aub__evaluation_kit_p1")
	)

	(Comment
		(Time 12/05/12,09:25:59)
		(User Johann.Gualberto)
		(MsgId ECO_461)
		(Text "Revision version changed from 1.0.7 to 1.0.10 for component I14 with name cap_np on page1 of max17550_aub__evaluation_kit_p1.")
		(Param1 "1.0.7")
		(Param2 "1.0.10")
		(Param3 "I14")
		(Param4 "cap_np")
		(Param5 "page1")
		(Param6 "max17550_aub__evaluation_kit_p1")
	)

	(Comment
		(Time 12/05/12,10:03:06)
		(User Johann.Gualberto)
		(MsgId ECO_461)
		(Text "Revision version changed from 0.0.118 to 0.0.119 for component I7 with name generic_packages on page1 of max17552_aub__evaluation_kit_p1.")
		(Param1 "0.0.118")
		(Param2 "0.0.119")
		(Param3 "I7")
		(Param4 "generic_packages")
		(Param5 "page1")
		(Param6 "max17552_aub__evaluation_kit_p1")
	)

	(Comment
		(Time 12/07/12,14:17:33)
		(User Johann.Gualberto)
		(MsgId ECO_461)
		(Text "Revision version changed from 0.0.119 to 0.0.122 for component I9 with name generic_packages on page1 of max17552_atb__evaluation_kit_p1.")
		(Param1 "0.0.119")
		(Param2 "0.0.122")
		(Param3 "I9")
		(Param4 "generic_packages")
		(Param5 "page1")
		(Param6 "max17552_atb__evaluation_kit_p1")
	)

	(Comment
		(Time 01/08/13,10:39:12)
		(User Johann.Gualberto)
		(MsgId ECO_461)
		(Text "Revision version changed from 0.0.4 to 0.0.5 for component I2 with name ev_kit on page1 of evkit_test_fixture_template.")
		(Param1 "0.0.4")
		(Param2 "0.0.5")
		(Param3 "I2")
		(Param4 "ev_kit")
		(Param5 "page1")
		(Param6 "evkit_test_fixture_template")
	)

	(Comment
		(Time 01/17/13,15:53:25)
		(User Johann.Gualberto)
		(MsgId ECO_461)
		(Text "Revision version changed from 1.0.0 to 2.0.0 for component PAGE_BORDER with name maxim b size page on page1 of evkit_test_fixture_template.")
		(Param1 "1.0.0")
		(Param2 "2.0.0")
		(Param3 "PAGE_BORDER")
		(Param4 "maxim b size page")
		(Param5 "page1")
		(Param6 "evkit_test_fixture_template")
	)

	(Comment
		(Time 01/17/13,15:53:26)
		(User Johann.Gualberto)
		(MsgId ECO_461)
		(Text "Revision version changed from 1.0.0 to 2.0.0 for component PAGE_BORDER with name maxim b size page on page2 of evkit_test_fixture_template.")
		(Param1 "1.0.0")
		(Param2 "2.0.0")
		(Param3 "PAGE_BORDER")
		(Param4 "maxim b size page")
		(Param5 "page2")
		(Param6 "evkit_test_fixture_template")
	)
