
	(Comment
		(Time 10/07/09,12:48:41)
		(User Arleen.Carmona)
		(MsgId USR)
		(Text "Wrong decal assigned for 1210, changed from 1206 to 1210")
	)
	(Comment
		(Time 10/07/09,12:48:46)
		(User Arleen.Carmona)
		(MsgId ECO_332)
		(Text "Revision for symbol sym_1 has been updated to 1.0.0")
		(Param1 sym_1)
		(Param2 1.0.0)
	)
	(Comment
		(Time 10/07/09,12:48:46)
		(User Arleen.Carmona)
		(MsgId ECO_333)
		(Text "Revision for package INDUCT_0402 has been updated to 1.0.0")
		(Param1 INDUCT_0402)
		(Param2 1.0.0)
	)
	(Comment
		(Time 10/07/09,12:48:46)
		(User Arleen.Carmona)
		(MsgId ECO_333)
		(Text "Revision for package INDUCT_0603 has been updated to 1.0.0")
		(Param1 INDUCT_0603)
		(Param2 1.0.0)
	)
	(Comment
		(Time 10/07/09,12:48:46)
		(User Arleen.Carmona)
		(MsgId ECO_333)
		(Text "Revision for package INDUCT_0805 has been updated to 1.0.0")
		(Param1 INDUCT_0805)
		(Param2 1.0.0)
	)
	(Comment
		(Time 10/07/09,12:48:46)
		(User Arleen.Carmona)
		(MsgId ECO_333)
		(Text "Revision for package INDUCT_IND_CDR7 has been updated to 1.0.0")
		(Param1 INDUCT_IND_CDR7)
		(Param2 1.0.0)
	)
	(Comment
		(Time 10/07/09,12:48:46)
		(User Arleen.Carmona)
		(MsgId ECO_333)
		(Text "Revision for package INDUCT_IND_5900 has been updated to 1.0.0")
		(Param1 INDUCT_IND_5900)
		(Param2 1.0.0)
	)
	(Comment
		(Time 10/07/09,12:48:46)
		(User Arleen.Carmona)
		(MsgId ECO_333)
		(Text "Revision for package INDUCT_IND_4590 has been updated to 1.0.0")
		(Param1 INDUCT_IND_4590)
		(Param2 1.0.0)
	)
	(Comment
		(Time 10/07/09,12:48:46)
		(User Arleen.Carmona)
		(MsgId ECO_333)
		(Text "Revision for package INDUCT_IND_MSS1260 has been updated to 1.0.0")
		(Param1 INDUCT_IND_MSS1260)
		(Param2 1.0.0)
	)
	(Comment
		(Time 10/07/09,12:48:46)
		(User Arleen.Carmona)
		(MsgId ECO_333)
		(Text "Revision for package INDUCT_IND_D05010H has been updated to 1.0.0")
		(Param1 INDUCT_IND_D05010H)
		(Param2 1.0.0)
	)
	(Comment
		(Time 10/07/09,12:48:46)
		(User Arleen.Carmona)
		(MsgId ECO_333)
		(Text "Revision for package INDUCT_IND_EPL2010 has been updated to 1.0.0")
		(Param1 INDUCT_IND_EPL2010)
		(Param2 1.0.0)
	)
	(Comment
		(Time 10/07/09,12:48:46)
		(User Arleen.Carmona)
		(MsgId ECO_333)
		(Text "Revision for package INDUCT_IND_RCH654 has been updated to 1.0.0")
		(Param1 INDUCT_IND_RCH654)
		(Param2 1.0.0)
	)
	(Comment
		(Time 10/07/09,12:48:46)
		(User Arleen.Carmona)
		(MsgId ECO_333)
		(Text "Revision for package INDUCT_IND_RCR108D has been updated to 1.0.0")
		(Param1 INDUCT_IND_RCR108D)
		(Param2 1.0.0)
	)
	(Comment
		(Time 10/07/09,12:48:46)
		(User Arleen.Carmona)
		(MsgId ECO_333)
		(Text "Revision for package INDUCT_INDAD770-420X200 has been updated to 1.0.0")
		(Param1 INDUCT_INDAD770-420X200)
		(Param2 1.0.0)
	)
	(Comment
		(Time 10/07/09,12:48:46)
		(User Arleen.Carmona)
		(MsgId ECO_333)
		(Text "Revision for package INDUCT_IND_RCR110D has been updated to 1.0.0")
		(Param1 INDUCT_IND_RCR110D)
		(Param2 1.0.0)
	)
	(Comment
		(Time 10/07/09,12:48:46)
		(User Arleen.Carmona)
		(MsgId ECO_333)
		(Text "Revision for package INDUCT_2520 has been updated to 1.0.0")
		(Param1 INDUCT_2520)
		(Param2 1.0.0)
	)
	(Comment
		(Time 10/07/09,12:48:46)
		(User Arleen.Carmona)
		(MsgId ECO_333)
		(Text "Revision for package INDUCT_IND_DB30XX has been updated to 1.0.0")
		(Param1 INDUCT_IND_DB30XX)
		(Param2 1.0.0)
	)
	(Comment
		(Time 10/07/09,12:48:46)
		(User Arleen.Carmona)
		(MsgId ECO_333)
		(Text "Revision for package INDUCT_IND_D6XXCB has been updated to 1.0.0")
		(Param1 INDUCT_IND_D6XXCB)
		(Param2 1.0.0)
	)
	(Comment
		(Time 10/07/09,12:48:46)
		(User Arleen.Carmona)
		(MsgId ECO_333)
		(Text "Revision for package INDUCT_INDC5750X180M has been updated to 1.0.0")
		(Param1 INDUCT_INDC5750X180M)
		(Param2 1.0.0)
	)
	(Comment
		(Time 10/07/09,12:48:46)
		(User Arleen.Carmona)
		(MsgId ECO_333)
		(Text "Revision for package INDUCT_1210 has been updated to 1.0.0")
		(Param1 INDUCT_1210)
		(Param2 1.0.0)
	)
	(Comment
		(Time 10/07/09,12:48:46)
		(User Arleen.Carmona)
		(MsgId ECO_331)
		(Text "Revision for cell induct has been updated to 1.0.0")
		(Param1 induct)
		(Param2 1.0.0)
	)

	(Comment
		(Time 10/07/09,13:16:16)
		(User Arleen.Carmona)
		(MsgId USR)
		(Text "Wrong decal assigned, changed RESC2013X84N to 0805")
	)

	(Comment
		(Time 10/07/09,13:32:11)
		(User Arleen.Carmona)
		(MsgId USR)
		(Text "Edited attributes visibility")
	)
	(Comment
		(Time 10/07/09,13:32:17)
		(User Arleen.Carmona)
		(MsgId ECO_085)
		(Text "Property IMPLEMENTATION deleted from symbol sym_1")
		(Param1 IMPLEMENTATION)
		(Param2 sym_1)
	)
	(Comment
		(Time 10/07/09,13:32:17)
		(User Arleen.Carmona)
		(MsgId ECO_085)
		(Text "Property PSPICETEMPLATE deleted from symbol sym_1")
		(Param1 PSPICETEMPLATE)
		(Param2 sym_1)
	)
	(Comment
		(Time 10/07/09,13:32:17)
		(User Arleen.Carmona)
		(MsgId ECO_085)
		(Text "Property K1 deleted from symbol sym_1")
		(Param1 K1)
		(Param2 sym_1)
	)
	(Comment
		(Time 10/07/09,13:32:17)
		(User Arleen.Carmona)
		(MsgId ECO_085)
		(Text "Property IMPLEMENTATION_TYPE deleted from symbol sym_1")
		(Param1 IMPLEMENTATION_TYPE)
		(Param2 sym_1)
	)
	(Comment
		(Time 10/07/09,13:32:17)
		(User Arleen.Carmona)
		(MsgId ECO_085)
		(Text "Property IMPLEMENTATION deleted from symbol sym_1")
		(Param1 IMPLEMENTATION)
		(Param2 sym_1)
	)
	(Comment
		(Time 10/07/09,13:32:17)
		(User Arleen.Carmona)
		(MsgId ECO_085)
		(Text "Property PSPICETEMPLATE deleted from symbol sym_1")
		(Param1 PSPICETEMPLATE)
		(Param2 sym_1)
	)
	(Comment
		(Time 10/07/09,13:32:17)
		(User Arleen.Carmona)
		(MsgId ECO_085)
		(Text "Property K1 deleted from symbol sym_1")
		(Param1 K1)
		(Param2 sym_1)
	)
	(Comment
		(Time 10/07/09,13:32:17)
		(User Arleen.Carmona)
		(MsgId ECO_085)
		(Text "Property IMPLEMENTATION_TYPE deleted from symbol sym_1")
		(Param1 IMPLEMENTATION_TYPE)
		(Param2 sym_1)
	)
	(Comment
		(Time 10/07/09,13:32:17)
		(User Arleen.Carmona)
		(MsgId ECO_085)
		(Text "Property IMPLEMENTATION deleted from symbol sym_1")
		(Param1 IMPLEMENTATION)
		(Param2 sym_1)
	)
	(Comment
		(Time 10/07/09,13:32:17)
		(User Arleen.Carmona)
		(MsgId ECO_085)
		(Text "Property PSPICETEMPLATE deleted from symbol sym_1")
		(Param1 PSPICETEMPLATE)
		(Param2 sym_1)
	)
	(Comment
		(Time 10/07/09,13:32:17)
		(User Arleen.Carmona)
		(MsgId ECO_085)
		(Text "Property K1 deleted from symbol sym_1")
		(Param1 K1)
		(Param2 sym_1)
	)
	(Comment
		(Time 10/07/09,13:32:17)
		(User Arleen.Carmona)
		(MsgId ECO_085)
		(Text "Property IMPLEMENTATION_TYPE deleted from symbol sym_1")
		(Param1 IMPLEMENTATION_TYPE)
		(Param2 sym_1)
	)
	(Comment
		(Time 10/07/09,13:32:17)
		(User Arleen.Carmona)
		(MsgId ECO_085)
		(Text "Property IMPLEMENTATION deleted from symbol sym_1")
		(Param1 IMPLEMENTATION)
		(Param2 sym_1)
	)
	(Comment
		(Time 10/07/09,13:32:17)
		(User Arleen.Carmona)
		(MsgId ECO_085)
		(Text "Property PSPICETEMPLATE deleted from symbol sym_1")
		(Param1 PSPICETEMPLATE)
		(Param2 sym_1)
	)
	(Comment
		(Time 10/07/09,13:32:17)
		(User Arleen.Carmona)
		(MsgId ECO_085)
		(Text "Property K1 deleted from symbol sym_1")
		(Param1 K1)
		(Param2 sym_1)
	)
	(Comment
		(Time 10/07/09,13:32:17)
		(User Arleen.Carmona)
		(MsgId ECO_085)
		(Text "Property IMPLEMENTATION_TYPE deleted from symbol sym_1")
		(Param1 IMPLEMENTATION_TYPE)
		(Param2 sym_1)
	)
	(Comment
		(Time 10/07/09,13:32:17)
		(User Arleen.Carmona)
		(MsgId ECO_085)
		(Text "Property IMPLEMENTATION deleted from symbol sym_1")
		(Param1 IMPLEMENTATION)
		(Param2 sym_1)
	)
	(Comment
		(Time 10/07/09,13:32:17)
		(User Arleen.Carmona)
		(MsgId ECO_085)
		(Text "Property PSPICETEMPLATE deleted from symbol sym_1")
		(Param1 PSPICETEMPLATE)
		(Param2 sym_1)
	)
	(Comment
		(Time 10/07/09,13:32:17)
		(User Arleen.Carmona)
		(MsgId ECO_085)
		(Text "Property K1 deleted from symbol sym_1")
		(Param1 K1)
		(Param2 sym_1)
	)
	(Comment
		(Time 10/07/09,13:32:17)
		(User Arleen.Carmona)
		(MsgId ECO_085)
		(Text "Property IMPLEMENTATION_TYPE deleted from symbol sym_1")
		(Param1 IMPLEMENTATION_TYPE)
		(Param2 sym_1)
	)
	(Comment
		(Time 10/07/09,13:32:17)
		(User Arleen.Carmona)
		(MsgId ECO_085)
		(Text "Property IMPLEMENTATION deleted from symbol sym_1")
		(Param1 IMPLEMENTATION)
		(Param2 sym_1)
	)
	(Comment
		(Time 10/07/09,13:32:17)
		(User Arleen.Carmona)
		(MsgId ECO_085)
		(Text "Property PSPICETEMPLATE deleted from symbol sym_1")
		(Param1 PSPICETEMPLATE)
		(Param2 sym_1)
	)
	(Comment
		(Time 10/07/09,13:32:17)
		(User Arleen.Carmona)
		(MsgId ECO_085)
		(Text "Property K1 deleted from symbol sym_1")
		(Param1 K1)
		(Param2 sym_1)
	)
	(Comment
		(Time 10/07/09,13:32:17)
		(User Arleen.Carmona)
		(MsgId ECO_085)
		(Text "Property IMPLEMENTATION_TYPE deleted from symbol sym_1")
		(Param1 IMPLEMENTATION_TYPE)
		(Param2 sym_1)
	)
	(Comment
		(Time 10/07/09,13:32:17)
		(User Arleen.Carmona)
		(MsgId ECO_085)
		(Text "Property IMPLEMENTATION deleted from symbol sym_1")
		(Param1 IMPLEMENTATION)
		(Param2 sym_1)
	)
	(Comment
		(Time 10/07/09,13:32:17)
		(User Arleen.Carmona)
		(MsgId ECO_085)
		(Text "Property PSPICETEMPLATE deleted from symbol sym_1")
		(Param1 PSPICETEMPLATE)
		(Param2 sym_1)
	)
	(Comment
		(Time 10/07/09,13:32:17)
		(User Arleen.Carmona)
		(MsgId ECO_085)
		(Text "Property K1 deleted from symbol sym_1")
		(Param1 K1)
		(Param2 sym_1)
	)
	(Comment
		(Time 10/07/09,13:32:17)
		(User Arleen.Carmona)
		(MsgId ECO_085)
		(Text "Property IMPLEMENTATION_TYPE deleted from symbol sym_1")
		(Param1 IMPLEMENTATION_TYPE)
		(Param2 sym_1)
	)
	(Comment
		(Time 10/07/09,13:32:17)
		(User Arleen.Carmona)
		(MsgId ECO_085)
		(Text "Property IMPLEMENTATION deleted from symbol sym_1")
		(Param1 IMPLEMENTATION)
		(Param2 sym_1)
	)
	(Comment
		(Time 10/07/09,13:32:17)
		(User Arleen.Carmona)
		(MsgId ECO_085)
		(Text "Property PSPICETEMPLATE deleted from symbol sym_1")
		(Param1 PSPICETEMPLATE)
		(Param2 sym_1)
	)
	(Comment
		(Time 10/07/09,13:32:17)
		(User Arleen.Carmona)
		(MsgId ECO_085)
		(Text "Property K1 deleted from symbol sym_1")
		(Param1 K1)
		(Param2 sym_1)
	)
	(Comment
		(Time 10/07/09,13:32:17)
		(User Arleen.Carmona)
		(MsgId ECO_085)
		(Text "Property IMPLEMENTATION_TYPE deleted from symbol sym_1")
		(Param1 IMPLEMENTATION_TYPE)
		(Param2 sym_1)
	)
	(Comment
		(Time 10/07/09,13:32:17)
		(User Arleen.Carmona)
		(MsgId ECO_085)
		(Text "Property IMPLEMENTATION deleted from symbol sym_1")
		(Param1 IMPLEMENTATION)
		(Param2 sym_1)
	)
	(Comment
		(Time 10/07/09,13:32:17)
		(User Arleen.Carmona)
		(MsgId ECO_085)
		(Text "Property PSPICETEMPLATE deleted from symbol sym_1")
		(Param1 PSPICETEMPLATE)
		(Param2 sym_1)
	)
	(Comment
		(Time 10/07/09,13:32:17)
		(User Arleen.Carmona)
		(MsgId ECO_085)
		(Text "Property K1 deleted from symbol sym_1")
		(Param1 K1)
		(Param2 sym_1)
	)
	(Comment
		(Time 10/07/09,13:32:17)
		(User Arleen.Carmona)
		(MsgId ECO_085)
		(Text "Property IMPLEMENTATION_TYPE deleted from symbol sym_1")
		(Param1 IMPLEMENTATION_TYPE)
		(Param2 sym_1)
	)
	(Comment
		(Time 10/07/09,13:32:17)
		(User Arleen.Carmona)
		(MsgId ECO_085)
		(Text "Property IMPLEMENTATION deleted from symbol sym_1")
		(Param1 IMPLEMENTATION)
		(Param2 sym_1)
	)
	(Comment
		(Time 10/07/09,13:32:17)
		(User Arleen.Carmona)
		(MsgId ECO_085)
		(Text "Property PSPICETEMPLATE deleted from symbol sym_1")
		(Param1 PSPICETEMPLATE)
		(Param2 sym_1)
	)
	(Comment
		(Time 10/07/09,13:32:17)
		(User Arleen.Carmona)
		(MsgId ECO_085)
		(Text "Property K1 deleted from symbol sym_1")
		(Param1 K1)
		(Param2 sym_1)
	)
	(Comment
		(Time 10/07/09,13:32:17)
		(User Arleen.Carmona)
		(MsgId ECO_085)
		(Text "Property IMPLEMENTATION_TYPE deleted from symbol sym_1")
		(Param1 IMPLEMENTATION_TYPE)
		(Param2 sym_1)
	)
	(Comment
		(Time 10/07/09,13:32:17)
		(User Arleen.Carmona)
		(MsgId ECO_085)
		(Text "Property IMPLEMENTATION deleted from symbol sym_1")
		(Param1 IMPLEMENTATION)
		(Param2 sym_1)
	)
	(Comment
		(Time 10/07/09,13:32:17)
		(User Arleen.Carmona)
		(MsgId ECO_085)
		(Text "Property PSPICETEMPLATE deleted from symbol sym_1")
		(Param1 PSPICETEMPLATE)
		(Param2 sym_1)
	)
	(Comment
		(Time 10/07/09,13:32:17)
		(User Arleen.Carmona)
		(MsgId ECO_085)
		(Text "Property K1 deleted from symbol sym_1")
		(Param1 K1)
		(Param2 sym_1)
	)
	(Comment
		(Time 10/07/09,13:32:17)
		(User Arleen.Carmona)
		(MsgId ECO_085)
		(Text "Property IMPLEMENTATION_TYPE deleted from symbol sym_1")
		(Param1 IMPLEMENTATION_TYPE)
		(Param2 sym_1)
	)
	(Comment
		(Time 10/07/09,13:32:17)
		(User Arleen.Carmona)
		(MsgId ECO_085)
		(Text "Property IMPLEMENTATION deleted from symbol sym_1")
		(Param1 IMPLEMENTATION)
		(Param2 sym_1)
	)
	(Comment
		(Time 10/07/09,13:32:17)
		(User Arleen.Carmona)
		(MsgId ECO_085)
		(Text "Property PSPICETEMPLATE deleted from symbol sym_1")
		(Param1 PSPICETEMPLATE)
		(Param2 sym_1)
	)
	(Comment
		(Time 10/07/09,13:32:17)
		(User Arleen.Carmona)
		(MsgId ECO_085)
		(Text "Property K1 deleted from symbol sym_1")
		(Param1 K1)
		(Param2 sym_1)
	)
	(Comment
		(Time 10/07/09,13:32:17)
		(User Arleen.Carmona)
		(MsgId ECO_085)
		(Text "Property IMPLEMENTATION_TYPE deleted from symbol sym_1")
		(Param1 IMPLEMENTATION_TYPE)
		(Param2 sym_1)
	)
	(Comment
		(Time 10/07/09,13:32:17)
		(User Arleen.Carmona)
		(MsgId ECO_085)
		(Text "Property IMPLEMENTATION deleted from symbol sym_1")
		(Param1 IMPLEMENTATION)
		(Param2 sym_1)
	)
	(Comment
		(Time 10/07/09,13:32:17)
		(User Arleen.Carmona)
		(MsgId ECO_085)
		(Text "Property PSPICETEMPLATE deleted from symbol sym_1")
		(Param1 PSPICETEMPLATE)
		(Param2 sym_1)
	)
	(Comment
		(Time 10/07/09,13:32:17)
		(User Arleen.Carmona)
		(MsgId ECO_085)
		(Text "Property K1 deleted from symbol sym_1")
		(Param1 K1)
		(Param2 sym_1)
	)
	(Comment
		(Time 10/07/09,13:32:17)
		(User Arleen.Carmona)
		(MsgId ECO_085)
		(Text "Property IMPLEMENTATION_TYPE deleted from symbol sym_1")
		(Param1 IMPLEMENTATION_TYPE)
		(Param2 sym_1)
	)
	(Comment
		(Time 10/07/09,13:32:17)
		(User Arleen.Carmona)
		(MsgId ECO_085)
		(Text "Property IMPLEMENTATION deleted from symbol sym_1")
		(Param1 IMPLEMENTATION)
		(Param2 sym_1)
	)
	(Comment
		(Time 10/07/09,13:32:17)
		(User Arleen.Carmona)
		(MsgId ECO_085)
		(Text "Property PSPICETEMPLATE deleted from symbol sym_1")
		(Param1 PSPICETEMPLATE)
		(Param2 sym_1)
	)
	(Comment
		(Time 10/07/09,13:32:17)
		(User Arleen.Carmona)
		(MsgId ECO_085)
		(Text "Property K1 deleted from symbol sym_1")
		(Param1 K1)
		(Param2 sym_1)
	)
	(Comment
		(Time 10/07/09,13:32:17)
		(User Arleen.Carmona)
		(MsgId ECO_085)
		(Text "Property IMPLEMENTATION_TYPE deleted from symbol sym_1")
		(Param1 IMPLEMENTATION_TYPE)
		(Param2 sym_1)
	)
	(Comment
		(Time 10/07/09,13:32:17)
		(User Arleen.Carmona)
		(MsgId ECO_085)
		(Text "Property IMPLEMENTATION deleted from symbol sym_1")
		(Param1 IMPLEMENTATION)
		(Param2 sym_1)
	)
	(Comment
		(Time 10/07/09,13:32:17)
		(User Arleen.Carmona)
		(MsgId ECO_085)
		(Text "Property PSPICETEMPLATE deleted from symbol sym_1")
		(Param1 PSPICETEMPLATE)
		(Param2 sym_1)
	)
	(Comment
		(Time 10/07/09,13:32:17)
		(User Arleen.Carmona)
		(MsgId ECO_085)
		(Text "Property K1 deleted from symbol sym_1")
		(Param1 K1)
		(Param2 sym_1)
	)
	(Comment
		(Time 10/07/09,13:32:17)
		(User Arleen.Carmona)
		(MsgId ECO_085)
		(Text "Property IMPLEMENTATION_TYPE deleted from symbol sym_1")
		(Param1 IMPLEMENTATION_TYPE)
		(Param2 sym_1)
	)
	(Comment
		(Time 10/07/09,13:32:17)
		(User Arleen.Carmona)
		(MsgId ECO_085)
		(Text "Property IMPLEMENTATION deleted from symbol sym_1")
		(Param1 IMPLEMENTATION)
		(Param2 sym_1)
	)
	(Comment
		(Time 10/07/09,13:32:17)
		(User Arleen.Carmona)
		(MsgId ECO_085)
		(Text "Property PSPICETEMPLATE deleted from symbol sym_1")
		(Param1 PSPICETEMPLATE)
		(Param2 sym_1)
	)
	(Comment
		(Time 10/07/09,13:32:17)
		(User Arleen.Carmona)
		(MsgId ECO_085)
		(Text "Property K1 deleted from symbol sym_1")
		(Param1 K1)
		(Param2 sym_1)
	)
	(Comment
		(Time 10/07/09,13:32:17)
		(User Arleen.Carmona)
		(MsgId ECO_085)
		(Text "Property IMPLEMENTATION_TYPE deleted from symbol sym_1")
		(Param1 IMPLEMENTATION_TYPE)
		(Param2 sym_1)
	)
	(Comment
		(Time 10/07/09,13:32:17)
		(User Arleen.Carmona)
		(MsgId ECO_085)
		(Text "Property IMPLEMENTATION deleted from symbol sym_1")
		(Param1 IMPLEMENTATION)
		(Param2 sym_1)
	)
	(Comment
		(Time 10/07/09,13:32:17)
		(User Arleen.Carmona)
		(MsgId ECO_085)
		(Text "Property PSPICETEMPLATE deleted from symbol sym_1")
		(Param1 PSPICETEMPLATE)
		(Param2 sym_1)
	)
	(Comment
		(Time 10/07/09,13:32:17)
		(User Arleen.Carmona)
		(MsgId ECO_085)
		(Text "Property K1 deleted from symbol sym_1")
		(Param1 K1)
		(Param2 sym_1)
	)
	(Comment
		(Time 10/07/09,13:32:17)
		(User Arleen.Carmona)
		(MsgId ECO_085)
		(Text "Property IMPLEMENTATION_TYPE deleted from symbol sym_1")
		(Param1 IMPLEMENTATION_TYPE)
		(Param2 sym_1)
	)
	(Comment
		(Time 10/07/09,13:32:17)
		(User Arleen.Carmona)
		(MsgId ECO_085)
		(Text "Property IMPLEMENTATION deleted from symbol sym_1")
		(Param1 IMPLEMENTATION)
		(Param2 sym_1)
	)
	(Comment
		(Time 10/07/09,13:32:17)
		(User Arleen.Carmona)
		(MsgId ECO_085)
		(Text "Property PSPICETEMPLATE deleted from symbol sym_1")
		(Param1 PSPICETEMPLATE)
		(Param2 sym_1)
	)
	(Comment
		(Time 10/07/09,13:32:17)
		(User Arleen.Carmona)
		(MsgId ECO_085)
		(Text "Property K1 deleted from symbol sym_1")
		(Param1 K1)
		(Param2 sym_1)
	)
	(Comment
		(Time 10/07/09,13:32:17)
		(User Arleen.Carmona)
		(MsgId ECO_085)
		(Text "Property IMPLEMENTATION_TYPE deleted from symbol sym_1")
		(Param1 IMPLEMENTATION_TYPE)
		(Param2 sym_1)
	)
	(Comment
		(Time 10/07/09,13:32:17)
		(User Arleen.Carmona)
		(MsgId ECO_332)
		(Text "Revision for symbol sym_1 has been updated to 1.1.0")
		(Param1 sym_1)
		(Param2 1.1.0)
	)
	(Comment
		(Time 10/07/09,13:32:17)
		(User Arleen.Carmona)
		(MsgId ECO_331)
		(Text "Revision for cell induct has been updated to 1.1.0")
		(Param1 induct)
		(Param2 1.1.0)
	)
	(Comment
		(Time 01/08/10,14:51:27)
		(User Owen.Tanate)
		(MsgId ECO_021)
		(Text "Package INDUCT_IND_D05010H1 added to cell")
		(Param1 INDUCT_IND_D05010H1)
	)
	(Comment
		(Time 02/27/10,11:11:48)
		(User Moises.Condicion)
		(MsgId ECO_021)
		(Text "Package INDUCT_IND_DO1606T1 added to cell")
		(Param1 INDUCT_IND_DO1606T1)
	)
	(Comment
		(Time 03/30/10,14:12:23)
		(User Moises.Condicion)
		(MsgId ECO_081)
		(Text "Symbol sym_2 added to cell")
		(Param1 sym_2)
	)
	(Comment
		(Time 06/15/10,18:42:17)
		(User Owen.Tanate)
		(MsgId ECO_021)
		(Text "Package INDUCT_IND_CCT21T1 added to cell")
		(Param1 INDUCT_IND_CCT21T1)
	)
	(Comment
		(Time 06/29/10,16:03:32)
		(User Owen.Tanate)
		(MsgId ECO_021)
		(Text "Package INDUCT_IND_CDEP1 added to cell")
		(Param1 INDUCT_IND_CDEP1)
	)
	(Comment
		(Time 08/13/10,14:29:12)
		(User Daphine.Salazar)
		(MsgId ECO_021)
		(Text "Package INDUCT_IND_D6XXCB1 added to cell")
		(Param1 INDUCT_IND_D6XXCB1)
	)
	(Comment
		(Time 08/13/10,14:31:33)
		(User Daphine.Salazar)
		(MsgId ECO_021)
		(Text "Package INDUCT_IND_PCMC1331 added to cell")
		(Param1 INDUCT_IND_PCMC1331)
	)

	(Comment
		(Time 08/16/10,10:16:01)
		(User Ryan.Cabreza)
		(MsgId USR)
		(Text "Reupload to correct BUG during last upload")
	)

	(Comment
		(Time 08/16/10,15:26:02)
		(User Daphine.Salazar)
		(MsgId ECO_021)
		(Text "Package INDUCT_IND_PCMC1331 added to cell")
		(Param1 INDUCT_IND_PCMC1331)
	)
	(Comment
		(Time 08/16/10,15:27:08)
		(User Daphine.Salazar)
		(MsgId ECO_021)
		(Text "Package INDUCT_IND_PCMC104T1 added to cell")
		(Param1 INDUCT_IND_PCMC104T1)
	)
	(Comment
		(Time 08/16/10,15:28:17)
		(User Daphine.Salazar)
		(MsgId ECO_021)
		(Text "Package INDUCT_IND_7443251 added to cell")
		(Param1 INDUCT_IND_7443251)
	)

	(Comment
		(Time 09/28/10,16:16:31)
		(User Daphine.Salazar)
		(MsgId ECO_021)
		(Text "Package INDUCT_IND_74435501 added to cell")
		(Param1 INDUCT_IND_74435501)
	)
	(Comment
		(Time 10/13/10,16:34:39)
		(User Daphine.Salazar)
		(MsgId ECO_021)
		(Text "Package INDUCT_IND_D6XXCB1 added to cell")
		(Param1 INDUCT_IND_D6XXCB1)
	)
	(Comment
		(Time 10/13/10,16:34:41)
		(User Daphine.Salazar)
		(MsgId ECO_021)
		(Text "Package INDUCT_IND_D6XXCB2 added to cell")
		(Param1 INDUCT_IND_D6XXCB2)
	)
	(Comment
		(Time 10/18/10,17:20:03)
		(User Daphine.Salazar)
		(MsgId ECO_021)
		(Text "Package INDUCT_08051 added to cell")
		(Param1 INDUCT_08051)
	)
	(Comment
		(Time 11/23/10,13:29:21)
		(User Daphine.Salazar)
		(MsgId ECO_021)
		(Text "Package INDUCT_IND_D2812C1 added to cell")
		(Param1 INDUCT_IND_D2812C1)
	)
	(Comment
		(Time 12/08/10,10:21:46)
		(User Moises.Condicion)
		(MsgId ECO_081)
		(Text "Symbol sym_3 added to cell")
		(Param1 sym_3)
	)
	(Comment
		(Time 05/20/11,13:35:21)
		(User Moises.Condicion)
		(MsgId ECO_021)
		(Text "Package INDUCT_IND_74435501 added to cell")
		(Param1 INDUCT_IND_74435501)
	)
	(Comment
		(Time 07/20/11,06:37:56)
		(User Moises.Condicion)
		(MsgId ECO_021)
		(Text "Package INDUCT_IND_WE-HCI1 added to cell")
		(Param1 INDUCT_IND_WE-HCI1)
	)
	(Comment
		(Time 08/31/11,09:40:05)
		(User Moises.Condicion)
		(MsgId ECO_021)
		(Text "Package INDUCT_IND_MSS12601 added to cell")
		(Param1 INDUCT_IND_MSS12601)
	)
	(Comment
		(Time 08/31/11,09:41:03)
		(User Moises.Condicion)
		(MsgId ECO_021)
		(Text "Package INDUCT_IND_MSS10381 added to cell")
		(Param1 INDUCT_IND_MSS10381)
	)
	(Comment
		(Time 09/15/11,10:00:25)
		(User Moises.Condicion)
		(MsgId ECO_021)
		(Text "Package INDUCT_IND_MSS12461 added to cell")
		(Param1 INDUCT_IND_MSS12461)
	)
	(Comment
		(Time 11/07/11,09:47:14)
		(User Moises.Condicion)
		(MsgId ECO_021)
		(Text "Package INDUCT_IND_PCMC053T1 added to cell")
		(Param1 INDUCT_IND_PCMC053T1)
	)
	(Comment
		(Time 12/12/11,11:58:04)
		(User Ryan.Cabreza)
		(MsgId ECO_021)
		(Text "Package INDUCT_IND_CC19T1 added to cell")
		(Param1 INDUCT_IND_CC19T1)
	)
	(Comment
		(Time 02/09/12,13:48:00)
		(User Ryan.Cabreza)
		(MsgId ECO_021)
		(Text "Package INDUCT_04021 added to cell")
		(Param1 INDUCT_04021)
	)
	(Comment
		(Time 05/14/12,15:18:28)
		(User Ryan.Cabreza)
		(MsgId ECO_021)
		(Text "Package INDUCT_08061 added to cell")
		(Param1 INDUCT_08061)
	)
	(Comment
		(Time 06/20/12,18:01:03)
		(User Ryan.Cabreza)
		(MsgId ECO_021)
		(Text "Package INDUCT_04021 added to cell")
		(Param1 INDUCT_04021)
	)
	(Comment
		(Time 06/26/12,14:13:36)
		(User Moises.Condicion)
		(MsgId ECO_021)
		(Text "Package INDUCT_04021 added to cell")
		(Param1 INDUCT_04021)
	)
	(Comment
		(Time 09/06/12,11:40:46)
		(User Ryan.Cabreza)
		(MsgId ECO_021)
		(Text "Package INDUCT_03021 added to cell")
		(Param1 INDUCT_03021)
	)
	(Comment
		(Time 10/04/12,22:08:28)
		(User Moises.Condicion)
		(MsgId ECO_021)
		(Text "Package INDUCT_IND_WE-HCI1 added to cell")
		(Param1 INDUCT_IND_WE-HCI1)
	)
	(Comment
		(Time 10/09/12,18:12:56)
		(User Moises.Condicion)
		(MsgId ECO_021)
		(Text "Package INDUCT_IND_VLS20161 added to cell")
		(Param1 INDUCT_IND_VLS20161)
	)
	(Comment
		(Time 11/23/12,15:25:07)
		(User Jayson.Navarro)
		(MsgId ECO_021)
		(Text "Package INDUCT_IND_VLF4012A1 added to cell")
		(Param1 INDUCT_IND_VLF4012A1)
	)
	(Comment
		(Time 11/29/12,22:10:54)
		(User tois)
		(MsgId ECO_021)
		(Text "Package INDUCT_IND_IHLP-5050FD-011 added to cell")
		(Param1 INDUCT_IND_IHLP-5050FD-011)
	)
	(Comment
		(Time 11/29/12,22:10:58)
		(User tois)
		(MsgId ECO_021)
		(Text "Package INDUCT_IND_IHLP-5050FD-012 added to cell")
		(Param1 INDUCT_IND_IHLP-5050FD-012)
	)
	(Comment
		(Time 11/29/12,22:11:00)
		(User tois)
		(MsgId ECO_021)
		(Text "Package INDUCT_IND_IHLP-5050FD-013 added to cell")
		(Param1 INDUCT_IND_IHLP-5050FD-013)
	)
	(Comment
		(Time 01/11/13,20:50:55)
		(User Jayson.Navarro)
		(MsgId ECO_021)
		(Text "Package INDUCT added to cell")
		(Param1 INDUCT)
	)
	(Comment
		(Time 01/14/13,12:57:20)
		(User Ryan.Cabreza)
		(MsgId ECO_021)
		(Text "Package INDUCT_IND_SD531 added to cell")
		(Param1 INDUCT_IND_SD531)
	)
	(Comment
		(Time 01/23/13,14:56:18)
		(User Jayson.Navarro)
		(MsgId ECO_021)
		(Text "Package INDUCT_IND_XAL40201 added to cell")
		(Param1 INDUCT_IND_XAL40201)
	)
	(Comment
		(Time 01/24/13,20:34:36)
		(User Ryan.Cabreza)
		(MsgId ECO_021)
		(Text "Package INDUCT_08061 added to cell")
		(Param1 INDUCT_08061)
	)
	(Comment
		(Time 01/25/13,15:06:05)
		(User Jayson.Navarro)
		(MsgId ECO_021)
		(Text "Package INDUCT_IND_B82462G41 added to cell")
		(Param1 INDUCT_IND_B82462G41)
	)
	(Comment
		(Time 01/29/13,12:47:56)
		(User jayson.navarro)
		(MsgId ECO_021)
		(Text "Package INDUCT_IND_ELLATV1 added to cell")
		(Param1 INDUCT_IND_ELLATV1)
	)
	(Comment
		(Time 03/13/13,16:06:44)
		(User Jayson.Navarro)
		(MsgId ECO_021)
		(Text "Package INDUCT_06031 added to cell")
		(Param1 INDUCT_06031)
	)
	(Comment
		(Time 03/13/13,16:33:28)
		(User Jayson.Navarro)
		(MsgId ECO_021)
		(Text "Package INDUCT_IND_SBP-06031 added to cell")
		(Param1 INDUCT_IND_SBP-06031)
	)
	(Comment
		(Time 03/19/13,14:26:04)
		(User Jayson.Navarro)
		(MsgId ECO_021)
		(Text "Package INDUCT_IND_SD531 added to cell")
		(Param1 INDUCT_IND_SD531)
	)
	(Comment
		(Time 03/19/13,16:54:19)
		(User Jayson.Navarro)
		(MsgId ECO_021)
		(Text "Package INDUCT_IND_D05010H1 added to cell")
		(Param1 INDUCT_IND_D05010H1)
	)
	(Comment
		(Time 03/20/13,20:09:37)
		(User Ryan.Cabreza)
		(MsgId ECO_021)
		(Text "Package INDUCT_IND_MSS10381 added to cell")
		(Param1 INDUCT_IND_MSS10381)
	)
	(Comment
		(Time 03/20/13,20:10:26)
		(User Ryan.Cabreza)
		(MsgId ECO_021)
		(Text "Package INDUCT_IND_MSS10481 added to cell")
		(Param1 INDUCT_IND_MSS10481)
	)
	(Comment
		(Time 03/20/13,20:11:06)
		(User Ryan.Cabreza)
		(MsgId ECO_021)
		(Text "Package INDUCT_IND_UP4B1 added to cell")
		(Param1 INDUCT_IND_UP4B1)
	)
	(Comment
		(Time 04/05/13,16:29:36)
		(User Jayson.Navarro)
		(MsgId ECO_021)
		(Text "Package INDUCT_INDAD770-420X2001 added to cell")
		(Param1 INDUCT_INDAD770-420X2001)
	)
	(Comment
		(Time 04/19/13,16:57:29)
		(User Jayson.Navarro)
		(MsgId ECO_021)
		(Text "Package INDUCT_IND_IHLP-5050FD-011 added to cell")
		(Param1 INDUCT_IND_IHLP-5050FD-011)
	)
	(Comment
		(Time 04/19/13,17:48:53)
		(User Vhan.Manalo)
		(MsgId ECO_021)
		(Text "Package INDUCT_IND_IHLP-2525AH-ER1 added to cell")
		(Param1 INDUCT_IND_IHLP-2525AH-ER1)
	)
	(Comment
		(Time 04/30/13,18:08:28)
		(User Jayson.Navarro)
		(MsgId ECO_021)
		(Text "Package INDUCT_IND_PA2607NL1 added to cell")
		(Param1 INDUCT_IND_PA2607NL1)
	)
	(Comment
		(Time 05/06/13,16:45:11)
		(User Vhan.Manalo)
		(MsgId ECO_021)
		(Text "Package INDUCT_IND_PA05121 added to cell")
		(Param1 INDUCT_IND_PA05121)
	)
	(Comment
		(Time 05/06/13,16:45:13)
		(User Vhan.Manalo)
		(MsgId ECO_021)
		(Text "Package INDUCT_IND_PA05122 added to cell")
		(Param1 INDUCT_IND_PA05122)
	)
	(Comment
		(Time 06/05/13,13:33:34)
		(User Vhan.Manalo)
		(MsgId ECO_021)
		(Text "Package INDUCT_IND_MSS10481 added to cell")
		(Param1 "INDUCT_IND_MSS10481")
	)
	(Comment
		(Time 07/10/13,05:33:43)
		(User Joseph.Duran)
		(MsgId ECO_021)
		(Text "Package INDUCT_04021 added to cell")
		(Param1 "INDUCT_04021")
	)
	(Comment
		(Time 07/16/13,14:38:56)
		(User Vhan.Manalo)
		(MsgId ECO_021)
		(Text "Package INDUCT_IND_IHLP-2525AH-ER1 added to cell")
		(Param1 "INDUCT_IND_IHLP-2525AH-ER1")
	)
	(Comment
		(Time 07/24/13,17:32:14)
		(User Vhan.Manalo)
		(MsgId ECO_021)
		(Text "Package INDUCT_04021 added to cell")
		(Param1 "INDUCT_04021")
	)
	(Comment
		(Time 07/24/13,17:32:16)
		(User Vhan.Manalo)
		(MsgId ECO_021)
		(Text "Package INDUCT_04022 added to cell")
		(Param1 "INDUCT_04022")
	)
	(Comment
		(Time 07/24/13,17:32:17)
		(User Vhan.Manalo)
		(MsgId ECO_021)
		(Text "Package INDUCT_04023 added to cell")
		(Param1 "INDUCT_04023")
	)
	(Comment
		(Time 08/07/13,16:33:16)
		(User Vhan.Manalo)
		(MsgId ECO_021)
		(Text "Package INDUCT_IND_PIMB053T1 added to cell")
		(Param1 "INDUCT_IND_PIMB053T1")
	)
	(Comment
		(Time 08/08/13,17:35:33)
		(User Vhan.Manalo)
		(MsgId ECO_021)
		(Text "Package INDUCT_IND_XFL40201 added to cell")
		(Param1 "INDUCT_IND_XFL40201")
	)
	(Comment
		(Time 08/28/13,15:52:56)
		(User Vhan.Manalo)
		(MsgId ECO_021)
		(Text "Package INDUCT_IND_IHLP-2020BZ-111 added to cell")
		(Param1 "INDUCT_IND_IHLP-2020BZ-111")
	)
	(Comment
		(Time 08/28/13,17:06:46)
		(User Vhan.Manalo)
		(MsgId ECO_021)
		(Text "Package INDUCT_IND_CDRH3D161 added to cell")
		(Param1 "INDUCT_IND_CDRH3D161")
	)
	(Comment
		(Time 08/28/13,17:06:47)
		(User Vhan.Manalo)
		(MsgId ECO_021)
		(Text "Package INDUCT_IND_CDRH3D162 added to cell")
		(Param1 "INDUCT_IND_CDRH3D162")
	)
	(Comment
		(Time 08/29/13,17:49:16)
		(User Vhan.Manalo)
		(MsgId ECO_021)
		(Text "Package INDUCT_IND_PCC-M0630W1 added to cell")
		(Param1 "INDUCT_IND_PCC-M0630W1")
	)
	(Comment
		(Time 09/04/13,17:38:27)
		(User Vhan.Manalo)
		(MsgId ECO_021)
		(Text "Package INDUCT_IND_VLC50451 added to cell")
		(Param1 "INDUCT_IND_VLC50451")
	)
	(Comment
		(Time 09/16/13,10:09:43)
		(User jayson.navarro)
		(MsgId ECO_021)
		(Text "Package INDUCT_IND_1812SMS1 added to cell")
		(Param1 "INDUCT_IND_1812SMS1")
	)
	(Comment
		(Time 09/16/13,14:02:00)
		(User Vhan.Manalo)
		(MsgId ECO_021)
		(Text "Package INDUCT_IND_18121 added to cell")
		(Param1 "INDUCT_IND_18121")
	)
	(Comment
		(Time 10/03/13,10:21:52)
		(User jayson.navarro)
		(MsgId ECO_021)
		(Text "Package INDUCT_04021 added to cell")
		(Param1 "INDUCT_04021")
	)
	(Comment
		(Time 10/03/13,10:47:24)
		(User jayson.navarro)
		(MsgId ECO_021)
		(Text "Package INDUCT_12121 added to cell")
		(Param1 "INDUCT_12121")
	)
	(Comment
		(Time 10/16/13,13:30:58)
		(User Vhan.Manalo)
		(MsgId ECO_021)
		(Text "Package INDUCT_IND_FDUE06501 added to cell")
		(Param1 "INDUCT_IND_FDUE06501")
	)
	(Comment
		(Time 11/04/13,15:41:45)
		(User Vhan.Manalo)
		(MsgId ECO_021)
		(Text "Package INDUCT_IND_FDUE06301 added to cell")
		(Param1 "INDUCT_IND_FDUE06301")
	)
	(Comment
		(Time 11/19/13,14:18:08)
		(User jayson.navarro)
		(MsgId ECO_021)
		(Text "Package INDUCT_IND_FDUE06301 added to cell")
		(Param1 "INDUCT_IND_FDUE06301")
	)
	(Comment
		(Time 11/21/13,15:51:50)
		(User Jayson.Navarro)
		(MsgId ECO_021)
		(Text "Package INDUCT_IND_EPL20101 added to cell")
		(Param1 "INDUCT_IND_EPL20101")
	)
	(Comment
		(Time 11/25/13,11:15:29)
		(User Vhan.Manalo)
		(MsgId ECO_021)
		(Text "Package INDUCT_IND_IHLP-2020CZ-111 added to cell")
		(Param1 "INDUCT_IND_IHLP-2020CZ-111")
	)
	(Comment
		(Time 11/25/13,12:30:01)
		(User Vhan.Manalo)
		(MsgId ECO_021)
		(Text "Package INDUCT_IND_IHLP-4040DZ-111 added to cell")
		(Param1 "INDUCT_IND_IHLP-4040DZ-111")
	)
	(Comment
		(Time 11/25/13,13:12:45)
		(User Vhan.Manalo)
		(MsgId ECO_021)
		(Text "Package INDUCT_IND_PCC-M074L1 added to cell")
		(Param1 "INDUCT_IND_PCC-M074L1")
	)
	(Comment
		(Time 11/25/13,13:32:49)
		(User Vhan.Manalo)
		(MsgId ECO_021)
		(Text "Package INDUCT_IND_PCC-M104L1 added to cell")
		(Param1 "INDUCT_IND_PCC-M104L1")
	)
	(Comment
		(Time 11/26/13,13:05:21)
		(User Jayson.Navarro)
		(MsgId ECO_021)
		(Text "Package INDUCT_HCI-441 added to cell")
		(Param1 "INDUCT_HCI-441")
	)
	(Comment
		(Time 11/26/13,14:46:55)
		(User Jayson.Navarro)
		(MsgId ECO_021)
		(Text "Package INDUCT_IND_MSS1278T1 added to cell")
		(Param1 "INDUCT_IND_MSS1278T1")
	)
	(Comment
		(Time 11/27/13,11:15:46)
		(User Jayson.Navarro)
		(MsgId ECO_021)
		(Text "Package INDUCT_IND_NS101651 added to cell")
		(Param1 "INDUCT_IND_NS101651")
	)
	(Comment
		(Time 12/03/13,14:08:27)
		(User Jayson.Navarro)
		(MsgId ECO_021)
		(Text "Package INDUCT_IND_WE-PD21 added to cell")
		(Param1 "INDUCT_IND_WE-PD21")
	)
	(Comment
		(Time 12/17/13,10:40:05)
		(User Jayson.Navarro)
		(MsgId ECO_021)
		(Text "Package INDUCT_IND_DR741 added to cell")
		(Param1 "INDUCT_IND_DR741")
	)
	(Comment
		(Time 12/17/13,10:42:33)
		(User Jayson.Navarro)
		(MsgId ECO_081)
		(Text "Symbol sym_4 added to cell")
		(Param1 "sym_4")
	)
	(Comment
		(Time 12/17/13,10:43:14)
		(User Jayson.Navarro)
		(MsgId ECO_081)
		(Text "Symbol sym_5 added to cell")
		(Param1 "sym_5")
	)
	(Comment
		(Time 12/17/13,10:44:33)
		(User Jayson.Navarro)
		(MsgId ECO_082)
		(Text "Symbol sym_4 deleted from cell")
		(Param1 "sym_4")
	)
	(Comment
		(Time 12/17/13,10:44:37)
		(User Jayson.Navarro)
		(MsgId ECO_082)
		(Text "Symbol sym_5 deleted from cell")
		(Param1 "sym_5")
	)
	(Comment
		(Time 12/17/13,11:12:55)
		(User Jayson.Navarro)
		(MsgId ECO_021)
		(Text "Package INDUCT_IND_PA14941 added to cell")
		(Param1 "INDUCT_IND_PA14941")
	)
	(Comment
		(Time 01/07/14,17:54:30)
		(User moises.condicion)
		(MsgId ECO_021)
		(Text "Package INDUCT_IND_PA05121 added to cell")
		(Param1 "INDUCT_IND_PA05121")
	)
	(Comment
		(Time 01/08/14,17:05:14)
		(User Jayson.Navarro)
		(MsgId ECO_021)
		(Text "Package INDUCT_IND_XAL40201 added to cell")
		(Param1 "INDUCT_IND_XAL40201")
	)
	(Comment
		(Time 01/10/14,16:36:41)
		(User Jayson.Navarro)
		(MsgId ECO_021)
		(Text "Package INDUCT_04021 added to cell")
		(Param1 "INDUCT_04021")
	)
	(Comment
		(Time 01/10/14,20:20:54)
		(User Jayson.Navarro)
		(MsgId ECO_021)
		(Text "Package INDUCT_IND_PA29831 added to cell")
		(Param1 "INDUCT_IND_PA29831")
	)
	(Comment
		(Time 01/23/14,17:58:11)
		(User Jayson.Navarro)
		(MsgId ECO_021)
		(Text "Package INDUCT_04021 added to cell")
		(Param1 "INDUCT_04021")
	)
	(Comment
		(Time 02/13/14,12:43:10)
		(User Jayson.Navarro)
		(MsgId ECO_021)
		(Text "Package INDUCT_IND_SD531 added to cell")
		(Param1 "INDUCT_IND_SD531")
	)
	(Comment
		(Time 02/13/14,12:45:02)
		(User Jayson.Navarro)
		(MsgId ECO_211)
		(Text "PTF file part_1.ptf added")
		(Param1 "part_1.ptf")
	)
	(Comment
		(Time 02/14/14,16:35:01)
		(User Jayson.Navarro)
		(MsgId ECO_021)
		(Text "Package INDUCT_IND_MSS12601 added to cell")
		(Param1 "INDUCT_IND_MSS12601")
	)
	(Comment
		(Time 03/07/14,16:36:42)
		(User leamie.rodriguez)
		(MsgId ECO_021)
		(Text "Package INDUCT_08051 added to cell")
		(Param1 "INDUCT_08051")
	)
	(Comment
		(Time 03/10/14,17:02:12)
		(User Jayson.Navarro)
		(MsgId ECO_021)
		(Text "Package INDUCT_IND_FP07051 added to cell")
		(Param1 "INDUCT_IND_FP07051")
	)
	(Comment
		(Time 03/10/14,17:34:22)
		(User Jayson.Navarro)
		(MsgId ECO_021)
		(Text "Package INDUCT_IND_PA05111 added to cell")
		(Param1 "INDUCT_IND_PA05111")
	)
	(Comment
		(Time 03/27/14,14:31:54)
		(User Jayson.Navarro)
		(MsgId ECO_021)
		(Text "Package INDUCT_IND_XAL40201 added to cell")
		(Param1 "INDUCT_IND_XAL40201")
	)
	(Comment
		(Time 03/27/14,14:55:37)
		(User Jayson.Navarro)
		(MsgId ECO_021)
		(Text "Package INDUCT_IND_XAL50501 added to cell")
		(Param1 "INDUCT_IND_XAL50501")
	)
	(Comment
		(Time 03/31/14,17:54:23)
		(User Jayson.Navarro)
		(MsgId ECO_021)
		(Text "Package INDUCT_IND_PA13201 added to cell")
		(Param1 "INDUCT_IND_PA13201")
	)
	(Comment
		(Time 04/15/14,08:54:26)
		(User Jayson.Navarro)
		(MsgId ECO_021)
		(Text "Package INDUCT_IND_PIMB062D1 added to cell")
		(Param1 "INDUCT_IND_PIMB062D1")
	)
	(Comment
		(Time 04/22/14,20:57:44)
		(User Jayson.Navarro)
		(MsgId ECO_021)
		(Text "Package INDUCT_IND_D05010H1 added to cell")
		(Param1 "INDUCT_IND_D05010H1")
	)
	(Comment
		(Time 04/24/14,19:28:59)
		(User Jayson.Navarro)
		(MsgId ECO_021)
		(Text "Package INDUCT_IND_EPL20101 added to cell")
		(Param1 "INDUCT_IND_EPL20101")
	)
	(Comment
		(Time 04/25/14,13:50:40)
		(User Jayson.Navarro)
		(MsgId ECO_021)
		(Text "Package INDUCT_IND_IHSM58321 added to cell")
		(Param1 "INDUCT_IND_IHSM58321")
	)
	(Comment
		(Time 05/06/14,18:15:49)
		(User Jayson.Navarro)
		(MsgId ECO_021)
		(Text "Package INDUCT_IND_IHLP-2525AH-ER1 added to cell")
		(Param1 "INDUCT_IND_IHLP-2525AH-ER1")
	)
	(Comment
		(Time 05/06/14,18:22:21)
		(User Jayson.Navarro)
		(MsgId ECO_021)
		(Text "Package INDUCT_IND_FP12081 added to cell")
		(Param1 "INDUCT_IND_FP12081")
	)
	(Comment
		(Time 05/19/14,11:19:51)
		(User joseph.duran)
		(MsgId ECO_021)
		(Text "Package INDUCT_IND_D2812C1 added to cell")
		(Param1 "INDUCT_IND_D2812C1")
	)
	(Comment
		(Time 05/20/14,18:02:01)
		(User Jayson.Navarro)
		(MsgId ECO_021)
		(Text "Package INDUCT_IND_74435501 added to cell")
		(Param1 "INDUCT_IND_74435501")
	)
	(Comment
		(Time 05/23/14,08:46:49)
		(User joseph.duran)
		(MsgId ECO_021)
		(Text "Package INDUCT_IND_CDR71 added to cell")
		(Param1 "INDUCT_IND_CDR71")
	)
	(Comment
		(Time 06/02/14,15:03:45)
		(User Jayson.Navarro)
		(MsgId ECO_021)
		(Text "Package INDUCT_04021 added to cell")
		(Param1 "INDUCT_04021")
	)
	(Comment
		(Time 07/24/14,09:03:43)
		(User Jayson.Navarro)
		(MsgId ECO_021)
		(Text "Package INDUCT_04021 added to cell")
		(Param1 "INDUCT_04021")
	)
	(Comment
		(Time 07/24/14,15:39:57)
		(User Jayson.Navarro)
		(MsgId ECO_021)
		(Text "Package INDUCT_IND_XAL60601 added to cell")
		(Param1 "INDUCT_IND_XAL60601")
	)
	(Comment
		(Time 07/31/14,16:53:25)
		(User Jayson.Navarro)
		(MsgId ECO_021)
		(Text "Package INDUCT_IND_XAL1060-3321 added to cell")
		(Param1 "INDUCT_IND_XAL1060-3321")
	)
	(Comment
		(Time 08/01/14,20:15:21)
		(User Ryan.Cabreza)
		(MsgId ECO_021)
		(Text "Package INDUCT_04021 added to cell")
		(Param1 "INDUCT_04021")
	)
	(Comment
		(Time 09/12/14,16:14:58)
		(User Ryan.Cabreza)
		(MsgId ECO_021)
		(Text "Package INDUCT_04021 added to cell")
		(Param1 "INDUCT_04021")
	)
	(Comment
		(Time 09/12/14,17:39:04)
		(User Jayson.Navarro)
		(MsgId ECO_021)
		(Text "Package INDUCT_IND_CDRH3D161 added to cell")
		(Param1 "INDUCT_IND_CDRH3D161")
	)
	(Comment
		(Time 09/25/14,12:20:59)
		(User Jayson.Navarro)
		(MsgId ECO_021)
		(Text "Package INDUCT_IND_SRN40181 added to cell")
		(Param1 "INDUCT_IND_SRN40181")
	)
	(Comment
		(Time 09/26/14,17:54:21)
		(User Ryan.Cabreza)
		(MsgId ECO_021)
		(Text "Package INDUCT_IND_PA05121 added to cell")
		(Param1 "INDUCT_IND_PA05121")
	)
	(Comment
		(Time 09/26/14,17:55:06)
		(User Ryan.Cabreza)
		(MsgId ECO_021)
		(Text "Package INDUCT_IND_GLMH1 added to cell")
		(Param1 "INDUCT_IND_GLMH1")
	)
	(Comment
		(Time 11/11/14,16:34:17)
		(User Jayson.Navarro)
		(MsgId ECO_021)
		(Text "Package INDUCT_IND_SRR12101 added to cell")
		(Param1 "INDUCT_IND_SRR12101")
	)
	(Comment
		(Time 11/20/14,12:20:36)
		(User Ryan.Cabreza)
		(MsgId ECO_021)
		(Text "Package INDUCT_IND_CDR71 added to cell")
		(Param1 "INDUCT_IND_CDR71")
	)
	(Comment
		(Time 12/05/14,16:19:11)
		(User Jayson.Navarro)
		(MsgId ECO_021)
		(Text "Package INDUCT_IND_VLS20161 added to cell")
		(Param1 "INDUCT_IND_VLS20161")
	)
	(Comment
		(Time 12/12/14,10:56:09)
		(User Jayson.Navarro)
		(MsgId ECO_021)
		(Text "Package INDUCT_04021 added to cell")
		(Param1 "INDUCT_04021")
	)
	(Comment
		(Time 01/06/15,20:47:12)
		(User Ryan.Cabreza)
		(MsgId ECO_021)
		(Text "Package INDUCT_IND_SRU80281 added to cell")
		(Param1 "INDUCT_IND_SRU80281")
	)
	(Comment
		(Time 01/06/15,20:47:57)
		(User Ryan.Cabreza)
		(MsgId ECO_021)
		(Text "Package INDUCT_IND_SRP12701 added to cell")
		(Param1 "INDUCT_IND_SRP12701")
	)
	(Comment
		(Time 01/06/15,20:48:37)
		(User Ryan.Cabreza)
		(MsgId ECO_021)
		(Text "Package INDUCT_IND_SRU50281 added to cell")
		(Param1 "INDUCT_IND_SRU50281")
	)
	(Comment
		(Time 01/13/15,09:24:55)
		(User Jayson.Navarro)
		(MsgId ECO_021)
		(Text "Package INDUCT_IND_LPS50301 added to cell")
		(Param1 "INDUCT_IND_LPS50301")
	)
	(Comment
		(Time 01/16/15,16:26:27)
		(User Jayson.Navarro)
		(MsgId ECO_021)
		(Text "Package INDUCT_IND_VLC50451 added to cell")
		(Param1 "INDUCT_IND_VLC50451")
	)
	(Comment
		(Time 03/02/15,15:52:28)
		(User Jayson.Navarro)
		(MsgId ECO_021)
		(Text "Package INDUCT_IND_SRR12101 added to cell")
		(Param1 "INDUCT_IND_SRR12101")
	)
	(Comment
		(Time 03/11/15,17:05:08)
		(User Ryan.Cabreza)
		(MsgId ECO_021)
		(Text "Package INDUCT_IND_IHSM58321 added to cell")
		(Param1 "INDUCT_IND_IHSM58321")
	)
	(Comment
		(Time 04/08/15,15:31:43)
		(User Joseph.Duran)
		(MsgId ECO_021)
		(Text "Package INDUCT_IND_XAL50501 added to cell")
		(Param1 "INDUCT_IND_XAL50501")
	)
	(Comment
		(Time 04/23/15,10:53:03)
		(User Joseph.Duran)
		(MsgId ECO_021)
		(Text "Package INDUCT_IND_XAL50301 added to cell")
		(Param1 "INDUCT_IND_XAL50301")
	)
	(Comment
		(Time 04/24/15,16:51:21)
		(User Joseph.Duran)
		(MsgId ECO_021)
		(Text "Package INDUCT_IND_FP10071 added to cell")
		(Param1 "INDUCT_IND_FP10071")
	)
	(Comment
		(Time 04/24/15,21:02:08)
		(User jayson.navarro)
		(MsgId ECO_021)
		(Text "Package INDUCT_IND_XAL50501 added to cell")
		(Param1 "INDUCT_IND_XAL50501")
	)
	(Comment
		(Time 04/24/15,21:02:10)
		(User jayson.navarro)
		(MsgId ECO_021)
		(Text "Package INDUCT_IND_XAL50502 added to cell")
		(Param1 "INDUCT_IND_XAL50502")
	)
	(Comment
		(Time 05/08/15,15:27:06)
		(User jayson.navarro)
		(MsgId ECO_081)
		(Text "Symbol sym_4 added to cell")
		(Param1 "sym_4")
	)
	(Comment
		(Time 05/15/15,13:40:40)
		(User Joseph.Duran)
		(MsgId ECO_021)
		(Text "Package INDUCT_IND_XAL80801 added to cell")
		(Param1 "INDUCT_IND_XAL80801")
	)
	(Comment
		(Time 05/15/15,13:40:44)
		(User Joseph.Duran)
		(MsgId ECO_021)
		(Text "Package INDUCT_IND_XAL80802 added to cell")
		(Param1 "INDUCT_IND_XAL80802")
	)
	(Comment
		(Time 05/29/15,15:29:38)
		(User Joseph.Duran)
		(MsgId ECO_021)
		(Text "Package INDUCT_IND_RL6221 added to cell")
		(Param1 "INDUCT_IND_RL6221")
	)
	(Comment
		(Time 06/05/15,16:08:12)
		(User Joseph.Duran)
		(MsgId ECO_021)
		(Text "Package INDUCT_IND_CDRH2D18LD1 added to cell")
		(Param1 "INDUCT_IND_CDRH2D18LD1")
	)
	(Comment
		(Time 06/23/15,09:53:02)
		(User jayson.navarro)
		(MsgId ECO_021)
		(Text "Package INDUCT_IND_XAL40201 added to cell")
		(Param1 "INDUCT_IND_XAL40201")
	)
	(Comment
		(Time 07/01/15,18:29:23)
		(User Ryan.Cabreza)
		(MsgId ECO_021)
		(Text "Package INDUCT_04021 added to cell")
		(Param1 "INDUCT_04021")
	)
	(Comment
		(Time 08/12/15,14:27:28)
		(User Joseph.Duran)
		(MsgId ECO_021)
		(Text "Package INDUCT_IND_NR50401 added to cell")
		(Param1 "INDUCT_IND_NR50401")
	)

	(Comment
		(Time 08/24/15,22:45:05)
		(User Alberto.Arozado)
		(MsgId USR)
		(Text "Package INDUCT_IND_RFB0810 added to the cell")
	)
	(Comment
		(Time 08/24/15,23:07:31)
		(User Alberto.Arozado)
		(MsgId ECO_021)
		(Text "Package INDUCT_IND_RFB08071 added to cell")
		(Param1 "INDUCT_IND_RFB08071")
	)

	(Comment
		(Time 09/04/15,07:24:50)
		(User Joseph.Duran)
		(MsgId ECO_021)
		(Text "Package INDUCT_IND_RFB08101 added to cell")
		(Param1 "INDUCT_IND_RFB08101")
	)
	(Comment
		(Time 09/04/15,07:24:53)
		(User Joseph.Duran)
		(MsgId ECO_021)
		(Text "Package INDUCT_IND_RFB08102 added to cell")
		(Param1 "INDUCT_IND_RFB08102")
	)
	(Comment
		(Time 09/04/15,19:04:54)
		(User ryan.cabreza)
		(MsgId ECO_021)
		(Text "Package INDUCT_IND_NR50401 added to cell")
		(Param1 "INDUCT_IND_NR50401")
	)
	(Comment
		(Time 09/08/15,17:52:53)
		(User Joseph.Duran)
		(MsgId ECO_021)
		(Text "Package INDUCT_IND_NR50301 added to cell")
		(Param1 "INDUCT_IND_NR50301")
	)
	(Comment
		(Time 09/08/15,17:52:56)
		(User Joseph.Duran)
		(MsgId ECO_021)
		(Text "Package INDUCT_IND_NR50302 added to cell")
		(Param1 "INDUCT_IND_NR50302")
	)
	(Comment
		(Time 09/08/15,21:14:25)
		(User ryan.cabreza)
		(MsgId ECO_022)
		(Text "Package INDUCT_IND_SER2915 deleted from cell")
		(Param1 "INDUCT_IND_SER2915")
	)
	(Comment
		(Time 09/16/15,10:27:54)
		(User Mariel.Mabituin)
		(MsgId ECO_021)
		(Text "Package INDUCT_IND_IHLP-5050FD-011 added to cell")
		(Param1 "INDUCT_IND_IHLP-5050FD-011")
	)
	(Comment
		(Time 09/18/15,03:10:38)
		(User jayson.navarro)
		(MsgId ECO_021)
		(Text "Package INDUCT_IND_IHLP-2020BZ-111 added to cell")
		(Param1 "INDUCT_IND_IHLP-2020BZ-111")
	)
	(Comment
		(Time 09/18/15,15:41:03)
		(User Mariel.Mabituin)
		(MsgId ECO_021)
		(Text "Package INDUCT_IND_IHLP-2020BZ-011 added to cell")
		(Param1 "INDUCT_IND_IHLP-2020BZ-011")
	)
	(Comment
		(Time 09/25/15,05:11:58)
		(User Ryan.Cabreza)
		(MsgId ECO_021)
		(Text "Package INDUCT_04021 added to cell")
		(Param1 "INDUCT_04021")
	)
	(Comment
		(Time 10/02/15,10:16:27)
		(User Mariel.Mabituin)
		(MsgId ECO_021)
		(Text "Package INDUCT_IND_74433301 added to cell")
		(Param1 "INDUCT_IND_74433301")
	)
	(Comment
		(Time 10/23/15,18:32:04)
		(User Joseph.Duran)
		(MsgId ECO_021)
		(Text "Package INDUCT_04021 added to cell")
		(Param1 "INDUCT_04021")
	)
	(Comment
		(Time 11/01/15,18:11:18)
		(User tois)
		(MsgId ECO_021)
		(Text "Package INDUCT_04021 added to cell")
		(Param1 "INDUCT_04021")
	)
	(Comment
		(Time 11/11/15,15:24:19)
		(User Mariel.Mabituin)
		(MsgId ECO_021)
		(Text "Package INDUCT_WE_25121 added to cell")
		(Param1 "INDUCT_WE_25121")
	)
	(Comment
		(Time 11/13/15,15:03:15)
		(User Mariel.Mabituin)
		(MsgId ECO_021)
		(Text "Package INDUCT_IND_1008AF1 added to cell")
		(Param1 "INDUCT_IND_1008AF1")
	)
	(Comment
		(Time 11/13/15,15:26:53)
		(User Mariel.Mabituin)
		(MsgId ECO_021)
		(Text "Package INDUCT added to cell")
		(Param1 "INDUCT")
	)
	(Comment
		(Time 11/13/15,15:27:01)
		(User Mariel.Mabituin)
		(MsgId ECO_022)
		(Text "Package INDUCT deleted from cell")
		(Param1 "INDUCT")
	)
	(Comment
		(Time 11/13/15,15:27:12)
		(User Mariel.Mabituin)
		(MsgId ECO_021)
		(Text "Package INDUCT_IND_FP04041 added to cell")
		(Param1 "INDUCT_IND_FP04041")
	)
	(Comment
		(Time 11/13/15,16:32:42)
		(User Mariel.Mabituin)
		(MsgId ECO_021)
		(Text "Package INDUCT_IND_FP08051 added to cell")
		(Param1 "INDUCT_IND_FP08051")
	)
	(Comment
		(Time 11/26/15,09:00:50)
		(User Joseph.Duran)
		(MsgId ECO_021)
		(Text "Package INDUCT_IND_GLFR1 added to cell")
		(Param1 "INDUCT_IND_GLFR1")
	)
	(Comment
		(Time 11/26/15,09:00:53)
		(User Joseph.Duran)
		(MsgId ECO_021)
		(Text "Package INDUCT_IND_GLFR2 added to cell")
		(Param1 "INDUCT_IND_GLFR2")
	)
	(Comment
		(Time 12/03/15,22:39:01)
		(User Ryan.Cabreza)
		(MsgId ECO_021)
		(Text "Package INDUCT_IND_DO5022P1 added to cell")
		(Param1 "INDUCT_IND_DO5022P1")
	)
	(Comment
		(Time 12/03/15,23:01:53)
		(User Ryan.Cabreza)
		(MsgId ECO_021)
		(Text "Package INDUCT_IND_LTF50221 added to cell")
		(Param1 "INDUCT_IND_LTF50221")
	)
	(Comment
		(Time 12/04/15,15:50:29)
		(User jayson.navarro)
		(MsgId ECO_021)
		(Text "Package INDUCT_08051 added to cell")
		(Param1 "INDUCT_08051")
	)
	(Comment
		(Time 12/07/15,10:17:20)
		(User Mariel.Mabituin)
		(MsgId ECO_021)
		(Text "Package INDUCT_IND_744383130151 added to cell")
		(Param1 "INDUCT_IND_744383130151")
	)
	(Comment
		(Time 12/07/15,10:51:53)
		(User Mariel.Mabituin)
		(MsgId ECO_021)
		(Text "Package INDUCT_IND_7443110681 added to cell")
		(Param1 "INDUCT_IND_7443110681")
	)
	(Comment
		(Time 12/09/15,23:01:32)
		(User Joseph.Duran)
		(MsgId ECO_021)
		(Text "Package INDUCT_IND_7443160681 added to cell")
		(Param1 "INDUCT_IND_7443160681")
	)
	(Comment
		(Time 12/14/15,22:12:58)
		(User Mariel.Mabituin)
		(MsgId ECO_021)
		(Text "Package INDUCT_IND_7443160681 added to cell")
		(Param1 "INDUCT_IND_7443160681")
	)
	(Comment
		(Time 12/18/15,05:26:39)
		(User Mariel.Mabituin)
		(MsgId ECO_021)
		(Text "Package INDUCT_IND_HC81 added to cell")
		(Param1 "INDUCT_IND_HC81")
	)
	(Comment
		(Time 01/06/16,15:26:59)
		(User Mariel.Mabituin)
		(MsgId ECO_021)
		(Text "Package INDUCT_IND_74433401001 added to cell")
		(Param1 "INDUCT_IND_74433401001")
	)
	(Comment
		(Time 01/13/16,15:13:26)
		(User Joseph.Duran)
		(MsgId ECO_021)
		(Text "Package INDUCT_IND_CDRH6D38NP1 added to cell")
		(Param1 "INDUCT_IND_CDRH6D38NP1")
	)
	(Comment
		(Time 02/09/16,06:27:18)
		(User Mariel.Mabituin)
		(MsgId ECO_021)
		(Text "Package INDUCT_IND_SPM40121 added to cell")
		(Param1 "INDUCT_IND_SPM40121")
	)
	(Comment
		(Time 02/15/16,16:45:35)
		(User Mariel.Mabituin)
		(MsgId ECO_021)
		(Text "Package INDUCT_IND_TFM2520121 added to cell")
		(Param1 "INDUCT_IND_TFM2520121")
	)
	(Comment
		(Time 02/17/16,03:49:45)
		(User Ryan.Cabreza)
		(MsgId ECO_021)
		(Text "Package INDUCT_IND_SPM50121 added to cell")
		(Param1 "INDUCT_IND_SPM50121")
	)
	(Comment
		(Time 02/26/16,03:13:05)
		(User Joseph.Duran)
		(MsgId ECO_021)
		(Text "Package INDUCT_04021 added to cell")
		(Param1 "INDUCT_04021")
	)
	(Comment
		(Time 03/16/16,14:21:29)
		(User Mariel.Mabituin)
		(MsgId ECO_021)
		(Text "Package INDUCT_IND_SD531 added to cell")
		(Param1 "INDUCT_IND_SD531")
	)
	(Comment
		(Time 03/17/16,04:43:00)
		(User Joseph.Duran)
		(MsgId ECO_021)
		(Text "Package INDUCT_IND_SRP10401 added to cell")
		(Param1 "INDUCT_IND_SRP10401")
	)
	(Comment
		(Time 04/12/16,16:15:50)
		(User Joseph.Duran)
		(MsgId ECO_021)
		(Text "Package INDUCT_IND_7443161001 added to cell")
		(Param1 "INDUCT_IND_7443161001")
	)
