
	(Comment
		(Time 07/10/12,11:02:25)
		(User Ryan.Cabreza)
		(MsgId USR)
		(Text "CHANGE MAXIM LOGO")
	)
	(Comment
		(Time 07/16/12,11:56:03)
		(User Ryan.Cabreza)
		(MsgId ECO_332)
		(Text "Revision for symbol sym_1 has been updated to 1.0.0")
		(Param1 sym_1)
		(Param2 1.0.0)
	)
	(Comment
		(Time 07/16/12,11:56:03)
		(User Ryan.Cabreza)
		(MsgId ECO_331)
		(Text "Revision for cell maxim b size page has been updated to 1.0.0")
		(Param1 maxim b size page)
		(Param2 1.0.0)
	)

	(Comment
		(Time 01/14/13,09:37:16)
		(User Ryan.Cabreza)
		(MsgId USR)
		(Text "Added title block property")
	)
	(Comment
		(Time 01/14/13,09:37:27)
		(User Ryan.Cabreza)
		(MsgId ECO_110)
		(Text "Text A at location (-8300,1100) deleted from symbol sym_1")
		(Param1 A)
		(Param2 (-8300,1100))
		(Param3 sym_1)
	)
	(Comment
		(Time 01/14/13,09:37:27)
		(User Ryan.Cabreza)
		(MsgId ECO_110)
		(Text "Text 8 at location (-7725,50) deleted from symbol sym_1")
		(Param1 8)
		(Param2 (-7725,50))
		(Param3 sym_1)
	)
	(Comment
		(Time 01/14/13,09:37:27)
		(User Ryan.Cabreza)
		(MsgId ECO_110)
		(Text "Text 7 at location (-6750,50) deleted from symbol sym_1")
		(Param1 7)
		(Param2 (-6750,50))
		(Param3 sym_1)
	)
	(Comment
		(Time 01/14/13,09:37:27)
		(User Ryan.Cabreza)
		(MsgId ECO_110)
		(Text "Text B at location (-8300,2300) deleted from symbol sym_1")
		(Param1 B)
		(Param2 (-8300,2300))
		(Param3 sym_1)
	)
	(Comment
		(Time 01/14/13,09:37:27)
		(User Ryan.Cabreza)
		(MsgId ECO_110)
		(Text "Text C at location (-8300,3425) deleted from symbol sym_1")
		(Param1 C)
		(Param2 (-8300,3425))
		(Param3 sym_1)
	)
	(Comment
		(Time 01/14/13,09:37:27)
		(User Ryan.Cabreza)
		(MsgId ECO_110)
		(Text "Text 6 at location (-5750,50) deleted from symbol sym_1")
		(Param1 6)
		(Param2 (-5750,50))
		(Param3 sym_1)
	)
	(Comment
		(Time 01/14/13,09:37:27)
		(User Ryan.Cabreza)
		(MsgId ECO_110)
		(Text "Text 5 at location (-4750,50) deleted from symbol sym_1")
		(Param1 5)
		(Param2 (-4750,50))
		(Param3 sym_1)
	)
	(Comment
		(Time 01/14/13,09:37:27)
		(User Ryan.Cabreza)
		(MsgId ECO_110)
		(Text "Text 4 at location (-3725,50) deleted from symbol sym_1")
		(Param1 4)
		(Param2 (-3725,50))
		(Param3 sym_1)
	)
	(Comment
		(Time 01/14/13,09:37:27)
		(User Ryan.Cabreza)
		(MsgId ECO_110)
		(Text "Text 3 at location (-2725,50) deleted from symbol sym_1")
		(Param1 3)
		(Param2 (-2725,50))
		(Param3 sym_1)
	)
	(Comment
		(Time 01/14/13,09:37:27)
		(User Ryan.Cabreza)
		(MsgId ECO_110)
		(Text "Text TEST ENGINEER: at location (-2990,955) deleted from symbol sym_1")
		(Param1 TEST ENGINEER:)
		(Param2 (-2990,955))
		(Param3 sym_1)
	)
	(Comment
		(Time 01/14/13,09:37:27)
		(User Ryan.Cabreza)
		(MsgId ECO_110)
		(Text "Text ASSEMBLY NAME / NUMBER: at location (-2990,1030) deleted from symbol sym_1")
		(Param1 ASSEMBLY NAME / NUMBER:)
		(Param2 (-2990,1030))
		(Param3 sym_1)
	)
	(Comment
		(Time 01/14/13,09:37:27)
		(User Ryan.Cabreza)
		(MsgId ECO_110)
		(Text "Text PERMISSION OF AN OFFICER OF MAXIM IS at location (-2987,253) deleted from symbol sym_1")
		(Param1 PERMISSION OF AN OFFICER OF MAXIM IS)
		(Param2 (-2987,253))
		(Param3 sym_1)
	)
	(Comment
		(Time 01/14/13,09:37:27)
		(User Ryan.Cabreza)
		(MsgId ECO_110)
		(Text "Text IS EXPRESSLY FORBIDDEN. at location (-2987,173) deleted from symbol sym_1")
		(Param1 IS EXPRESSLY FORBIDDEN.)
		(Param2 (-2987,173))
		(Param3 sym_1)
	)
	(Comment
		(Time 01/14/13,09:37:27)
		(User Ryan.Cabreza)
		(MsgId ECO_110)
		(Text "Text PROPRIETARY TO MAXIM USE OR DISCLOSURE at location (-2987,328) deleted from symbol sym_1")
		(Param1 PROPRIETARY TO MAXIM USE OR DISCLOSURE)
		(Param2 (-2987,328))
		(Param3 sym_1)
	)
	(Comment
		(Time 01/14/13,09:37:27)
		(User Ryan.Cabreza)
		(MsgId ECO_110)
		(Text "Text THIS DOCUMENT CONTAINS INFORMATION at location (-2987,408) deleted from symbol sym_1")
		(Param1 THIS DOCUMENT CONTAINS INFORMATION)
		(Param2 (-2987,408))
		(Param3 sym_1)
	)
	(Comment
		(Time 01/14/13,09:37:27)
		(User Ryan.Cabreza)
		(MsgId ECO_110)
		(Text "Text PCB LAYOUT DESIGNER: at location (-2990,805) deleted from symbol sym_1")
		(Param1 PCB LAYOUT DESIGNER:)
		(Param2 (-2990,805))
		(Param3 sym_1)
	)
	(Comment
		(Time 01/14/13,09:37:27)
		(User Ryan.Cabreza)
		(MsgId ECO_110)
		(Text "Text HARDWARE ENGINEER: at location (-2990,880) deleted from symbol sym_1")
		(Param1 HARDWARE ENGINEER:)
		(Param2 (-2990,880))
		(Param3 sym_1)
	)
	(Comment
		(Time 01/14/13,09:37:27)
		(User Ryan.Cabreza)
		(MsgId ECO_110)
		(Text "Text ENGINEER: at location (-1850,325) deleted from symbol sym_1")
		(Param1 ENGINEER:)
		(Param2 (-1850,325))
		(Param3 sym_1)
	)
	(Comment
		(Time 01/14/13,09:37:27)
		(User Ryan.Cabreza)
		(MsgId ECO_110)
		(Text "Text 2 at location (-1725,50) deleted from symbol sym_1")
		(Param1 2)
		(Param2 (-1725,50))
		(Param3 sym_1)
	)
	(Comment
		(Time 01/14/13,09:37:27)
		(User Ryan.Cabreza)
		(MsgId ECO_110)
		(Text "Text SIZE at location (-1850,450) deleted from symbol sym_1")
		(Param1 SIZE)
		(Param2 (-1850,450))
		(Param3 sym_1)
	)
	(Comment
		(Time 01/14/13,09:37:27)
		(User Ryan.Cabreza)
		(MsgId ECO_110)
		(Text "Text DRAWING NO: at location (-1618,443) deleted from symbol sym_1")
		(Param1 DRAWING NO:)
		(Param2 (-1618,443))
		(Param3 sym_1)
	)
	(Comment
		(Time 01/14/13,09:37:27)
		(User Ryan.Cabreza)
		(MsgId ECO_110)
		(Text "Text PROJECT TITLE: at location (-1840,705) deleted from symbol sym_1")
		(Param1 PROJECT TITLE:)
		(Param2 (-1840,705))
		(Param3 sym_1)
	)
	(Comment
		(Time 01/14/13,09:37:27)
		(User Ryan.Cabreza)
		(MsgId ECO_110)
		(Text "Text DRAWING TITLE: at location (-1840,580) deleted from symbol sym_1")
		(Param1 DRAWING TITLE:)
		(Param2 (-1840,580))
		(Param3 sym_1)
	)
	(Comment
		(Time 01/14/13,09:37:27)
		(User Ryan.Cabreza)
		(MsgId ECO_110)
		(Text "Text DRAWN BY: at location (-1200,325) deleted from symbol sym_1")
		(Param1 DRAWN BY:)
		(Param2 (-1200,325))
		(Param3 sym_1)
	)
	(Comment
		(Time 01/14/13,09:37:27)
		(User Ryan.Cabreza)
		(MsgId ECO_110)
		(Text "Text TEMPLATE REV: at location (-1200,200) deleted from symbol sym_1")
		(Param1 TEMPLATE REV:)
		(Param2 (-1200,200))
		(Param3 sym_1)
	)
	(Comment
		(Time 01/14/13,09:37:27)
		(User Ryan.Cabreza)
		(MsgId ECO_110)
		(Text "Text 1 at location (-700,50) deleted from symbol sym_1")
		(Param1 1)
		(Param2 (-700,50))
		(Param3 sym_1)
	)
	(Comment
		(Time 01/14/13,09:37:27)
		(User Ryan.Cabreza)
		(MsgId ECO_110)
		(Text "Text 8 at location (-7725,5175) deleted from symbol sym_1")
		(Param1 8)
		(Param2 (-7725,5175))
		(Param3 sym_1)
	)
	(Comment
		(Time 01/14/13,09:37:27)
		(User Ryan.Cabreza)
		(MsgId ECO_110)
		(Text "Text D at location (-8300,4600) deleted from symbol sym_1")
		(Param1 D)
		(Param2 (-8300,4600))
		(Param3 sym_1)
	)
	(Comment
		(Time 01/14/13,09:37:27)
		(User Ryan.Cabreza)
		(MsgId ECO_110)
		(Text "Text 7 at location (-6725,5175) deleted from symbol sym_1")
		(Param1 7)
		(Param2 (-6725,5175))
		(Param3 sym_1)
	)
	(Comment
		(Time 01/14/13,09:37:27)
		(User Ryan.Cabreza)
		(MsgId ECO_110)
		(Text "Text 6 at location (-5725,5175) deleted from symbol sym_1")
		(Param1 6)
		(Param2 (-5725,5175))
		(Param3 sym_1)
	)
	(Comment
		(Time 01/14/13,09:37:27)
		(User Ryan.Cabreza)
		(MsgId ECO_110)
		(Text "Text 5 at location (-4725,5175) deleted from symbol sym_1")
		(Param1 5)
		(Param2 (-4725,5175))
		(Param3 sym_1)
	)
	(Comment
		(Time 01/14/13,09:37:27)
		(User Ryan.Cabreza)
		(MsgId ECO_110)
		(Text "Text 4 at location (-3750,5175) deleted from symbol sym_1")
		(Param1 4)
		(Param2 (-3750,5175))
		(Param3 sym_1)
	)
	(Comment
		(Time 01/14/13,09:37:27)
		(User Ryan.Cabreza)
		(MsgId ECO_110)
		(Text "Text 3 at location (-2750,5175) deleted from symbol sym_1")
		(Param1 3)
		(Param2 (-2750,5175))
		(Param3 sym_1)
	)
	(Comment
		(Time 01/14/13,09:37:27)
		(User Ryan.Cabreza)
		(MsgId ECO_110)
		(Text "Text 2 at location (-1750,5175) deleted from symbol sym_1")
		(Param1 2)
		(Param2 (-1750,5175))
		(Param3 sym_1)
	)
	(Comment
		(Time 01/14/13,09:37:27)
		(User Ryan.Cabreza)
		(MsgId ECO_110)
		(Text "Text ZONE at location (-1850,4925) deleted from symbol sym_1")
		(Param1 ZONE)
		(Param2 (-1850,4925))
		(Param3 sym_1)
	)
	(Comment
		(Time 01/14/13,09:37:27)
		(User Ryan.Cabreza)
		(MsgId ECO_110)
		(Text "Text LTR at location (-1650,4925) deleted from symbol sym_1")
		(Param1 LTR)
		(Param2 (-1650,4925))
		(Param3 sym_1)
	)
	(Comment
		(Time 01/14/13,09:37:27)
		(User Ryan.Cabreza)
		(MsgId ECO_110)
		(Text "Text REVISIONS at location (-1225,5025) deleted from symbol sym_1")
		(Param1 REVISIONS)
		(Param2 (-1225,5025))
		(Param3 sym_1)
	)
	(Comment
		(Time 01/14/13,09:37:27)
		(User Ryan.Cabreza)
		(MsgId ECO_110)
		(Text "Text DESCRIPTION at location (-1250,4925) deleted from symbol sym_1")
		(Param1 DESCRIPTION)
		(Param2 (-1250,4925))
		(Param3 sym_1)
	)
	(Comment
		(Time 01/14/13,09:37:27)
		(User Ryan.Cabreza)
		(MsgId ECO_110)
		(Text "Text 1 at location (-725,5175) deleted from symbol sym_1")
		(Param1 1)
		(Param2 (-725,5175))
		(Param3 sym_1)
	)
	(Comment
		(Time 01/14/13,09:37:27)
		(User Ryan.Cabreza)
		(MsgId ECO_110)
		(Text "Text DATE at location (-625,4925) deleted from symbol sym_1")
		(Param1 DATE)
		(Param2 (-625,4925))
		(Param3 sym_1)
	)
	(Comment
		(Time 01/14/13,09:37:27)
		(User Ryan.Cabreza)
		(MsgId ECO_110)
		(Text "Text REV: at location (-560,200) deleted from symbol sym_1")
		(Param1 REV:)
		(Param2 (-560,200))
		(Param3 sym_1)
	)
	(Comment
		(Time 01/14/13,09:37:27)
		(User Ryan.Cabreza)
		(MsgId ECO_110)
		(Text "Text DATE: at location (-585,325) deleted from symbol sym_1")
		(Param1 DATE:)
		(Param2 (-585,325))
		(Param3 sym_1)
	)
	(Comment
		(Time 01/14/13,09:37:27)
		(User Ryan.Cabreza)
		(MsgId ECO_110)
		(Text "Text A at location (-175,1100) deleted from symbol sym_1")
		(Param1 A)
		(Param2 (-175,1100))
		(Param3 sym_1)
	)
	(Comment
		(Time 01/14/13,09:37:27)
		(User Ryan.Cabreza)
		(MsgId ECO_110)
		(Text "Text B at location (-175,2300) deleted from symbol sym_1")
		(Param1 B)
		(Param2 (-175,2300))
		(Param3 sym_1)
	)
	(Comment
		(Time 01/14/13,09:37:27)
		(User Ryan.Cabreza)
		(MsgId ECO_110)
		(Text "Text C at location (-175,3425) deleted from symbol sym_1")
		(Param1 C)
		(Param2 (-175,3425))
		(Param3 sym_1)
	)
	(Comment
		(Time 01/14/13,09:37:27)
		(User Ryan.Cabreza)
		(MsgId ECO_110)
		(Text "Text AUTHOR at location (-425,4925) deleted from symbol sym_1")
		(Param1 AUTHOR)
		(Param2 (-425,4925))
		(Param3 sym_1)
	)
	(Comment
		(Time 01/14/13,09:37:27)
		(User Ryan.Cabreza)
		(MsgId ECO_110)
		(Text "Text D at location (-175,4550) deleted from symbol sym_1")
		(Param1 D)
		(Param2 (-175,4550))
		(Param3 sym_1)
	)
	(Comment
		(Time 01/14/13,09:37:27)
		(User Ryan.Cabreza)
		(MsgId ECO_109)
		(Text "Text DRAWING TITLE: at location (6685,560) added to symbol sym_1")
		(Param1 DRAWING TITLE:)
		(Param2 (6685,560))
		(Param3 sym_1)
	)
	(Comment
		(Time 01/14/13,09:37:27)
		(User Ryan.Cabreza)
		(MsgId ECO_109)
		(Text "Text DRAWN BY: at location (7325,305) added to symbol sym_1")
		(Param1 DRAWN BY:)
		(Param2 (7325,305))
		(Param3 sym_1)
	)
	(Comment
		(Time 01/14/13,09:37:27)
		(User Ryan.Cabreza)
		(MsgId ECO_109)
		(Text "Text REV: at location (7965,180) added to symbol sym_1")
		(Param1 REV:)
		(Param2 (7965,180))
		(Param3 sym_1)
	)
	(Comment
		(Time 01/14/13,09:37:27)
		(User Ryan.Cabreza)
		(MsgId ECO_109)
		(Text "Text TEMPLATE REV: at location (7325,180) added to symbol sym_1")
		(Param1 TEMPLATE REV:)
		(Param2 (7325,180))
		(Param3 sym_1)
	)
	(Comment
		(Time 01/14/13,09:37:27)
		(User Ryan.Cabreza)
		(MsgId ECO_109)
		(Text "Text PROJECT TITLE: at location (6685,685) added to symbol sym_1")
		(Param1 PROJECT TITLE:)
		(Param2 (6685,685))
		(Param3 sym_1)
	)
	(Comment
		(Time 01/14/13,09:37:27)
		(User Ryan.Cabreza)
		(MsgId ECO_109)
		(Text "Text DRAWING NO: at location (6907,423) added to symbol sym_1")
		(Param1 DRAWING NO:)
		(Param2 (6907,423))
		(Param3 sym_1)
	)
	(Comment
		(Time 01/14/13,09:37:27)
		(User Ryan.Cabreza)
		(MsgId ECO_109)
		(Text "Text ENGINEER: at location (6675,305) added to symbol sym_1")
		(Param1 ENGINEER:)
		(Param2 (6675,305))
		(Param3 sym_1)
	)
	(Comment
		(Time 01/14/13,09:37:27)
		(User Ryan.Cabreza)
		(MsgId ECO_109)
		(Text "Text PERMISSION OF AN OFFICER OF MAXIM IS at location (5538,233) added to symbol sym_1")
		(Param1 PERMISSION OF AN OFFICER OF MAXIM IS)
		(Param2 (5538,233))
		(Param3 sym_1)
	)
	(Comment
		(Time 01/14/13,09:37:27)
		(User Ryan.Cabreza)
		(MsgId ECO_109)
		(Text "Text PROPRIETARY TO MAXIM USE OR DISCLOSURE at location (5538,308) added to symbol sym_1")
		(Param1 PROPRIETARY TO MAXIM USE OR DISCLOSURE)
		(Param2 (5538,308))
		(Param3 sym_1)
	)
	(Comment
		(Time 01/14/13,09:37:27)
		(User Ryan.Cabreza)
		(MsgId ECO_109)
		(Text "Text THIS DOCUMENT CONTAINS INFORMATION at location (5538,388) added to symbol sym_1")
		(Param1 THIS DOCUMENT CONTAINS INFORMATION)
		(Param2 (5538,388))
		(Param3 sym_1)
	)
	(Comment
		(Time 01/14/13,09:37:27)
		(User Ryan.Cabreza)
		(MsgId ECO_109)
		(Text "Text PCB LAYOUT DESIGNER: at location (5535,785) added to symbol sym_1")
		(Param1 PCB LAYOUT DESIGNER:)
		(Param2 (5535,785))
		(Param3 sym_1)
	)
	(Comment
		(Time 01/14/13,09:37:27)
		(User Ryan.Cabreza)
		(MsgId ECO_109)
		(Text "Text ASSEMBLY NAME / NUMBER: at location (5535,1010) added to symbol sym_1")
		(Param1 ASSEMBLY NAME / NUMBER:)
		(Param2 (5535,1010))
		(Param3 sym_1)
	)
	(Comment
		(Time 01/14/13,09:37:27)
		(User Ryan.Cabreza)
		(MsgId ECO_109)
		(Text "Text ZONE at location (6675,4905) added to symbol sym_1")
		(Param1 ZONE)
		(Param2 (6675,4905))
		(Param3 sym_1)
	)
	(Comment
		(Time 01/14/13,09:37:27)
		(User Ryan.Cabreza)
		(MsgId ECO_109)
		(Text "Text 1 at location (7800,5155) added to symbol sym_1")
		(Param1 1)
		(Param2 (7800,5155))
		(Param3 sym_1)
	)
	(Comment
		(Time 01/14/13,09:37:27)
		(User Ryan.Cabreza)
		(MsgId ECO_109)
		(Text "Text DATE at location (7900,4905) added to symbol sym_1")
		(Param1 DATE)
		(Param2 (7900,4905))
		(Param3 sym_1)
	)
	(Comment
		(Time 01/14/13,09:37:27)
		(User Ryan.Cabreza)
		(MsgId ECO_109)
		(Text "Text TEST ENGINEER: at location (5535,935) added to symbol sym_1")
		(Param1 TEST ENGINEER:)
		(Param2 (5535,935))
		(Param3 sym_1)
	)
	(Comment
		(Time 01/14/13,09:37:27)
		(User Ryan.Cabreza)
		(MsgId ECO_109)
		(Text "Text HARDWARE ENGINEER: at location (5535,860) added to symbol sym_1")
		(Param1 HARDWARE ENGINEER:)
		(Param2 (5535,860))
		(Param3 sym_1)
	)
	(Comment
		(Time 01/14/13,09:37:27)
		(User Ryan.Cabreza)
		(MsgId ECO_109)
		(Text "Text AUTHOR at location (8100,4905) added to symbol sym_1")
		(Param1 AUTHOR)
		(Param2 (8100,4905))
		(Param3 sym_1)
	)
	(Comment
		(Time 01/14/13,09:37:27)
		(User Ryan.Cabreza)
		(MsgId ECO_109)
		(Text "Text D at location (8350,4530) added to symbol sym_1")
		(Param1 D)
		(Param2 (8350,4530))
		(Param3 sym_1)
	)
	(Comment
		(Time 01/14/13,09:37:27)
		(User Ryan.Cabreza)
		(MsgId ECO_109)
		(Text "Text DESCRIPTION at location (7275,4905) added to symbol sym_1")
		(Param1 DESCRIPTION)
		(Param2 (7275,4905))
		(Param3 sym_1)
	)
	(Comment
		(Time 01/14/13,09:37:27)
		(User Ryan.Cabreza)
		(MsgId ECO_109)
		(Text "Text REVISIONS at location (7300,5005) added to symbol sym_1")
		(Param1 REVISIONS)
		(Param2 (7300,5005))
		(Param3 sym_1)
	)
	(Comment
		(Time 01/14/13,09:37:27)
		(User Ryan.Cabreza)
		(MsgId ECO_109)
		(Text "Text C at location (8350,3405) added to symbol sym_1")
		(Param1 C)
		(Param2 (8350,3405))
		(Param3 sym_1)
	)
	(Comment
		(Time 01/14/13,09:37:27)
		(User Ryan.Cabreza)
		(MsgId ECO_109)
		(Text "Text B at location (8350,2280) added to symbol sym_1")
		(Param1 B)
		(Param2 (8350,2280))
		(Param3 sym_1)
	)
	(Comment
		(Time 01/14/13,09:37:27)
		(User Ryan.Cabreza)
		(MsgId ECO_109)
		(Text "Text A at location (8350,1080) added to symbol sym_1")
		(Param1 A)
		(Param2 (8350,1080))
		(Param3 sym_1)
	)
	(Comment
		(Time 01/14/13,09:37:27)
		(User Ryan.Cabreza)
		(MsgId ECO_109)
		(Text "Text DATE: at location (7940,305) added to symbol sym_1")
		(Param1 DATE:)
		(Param2 (7940,305))
		(Param3 sym_1)
	)
	(Comment
		(Time 01/14/13,09:37:27)
		(User Ryan.Cabreza)
		(MsgId ECO_109)
		(Text "Text 1 at location (7825,30) added to symbol sym_1")
		(Param1 1)
		(Param2 (7825,30))
		(Param3 sym_1)
	)
	(Comment
		(Time 01/14/13,09:37:27)
		(User Ryan.Cabreza)
		(MsgId ECO_109)
		(Text "Text LTR at location (6875,4905) added to symbol sym_1")
		(Param1 LTR)
		(Param2 (6875,4905))
		(Param3 sym_1)
	)
	(Comment
		(Time 01/14/13,09:37:27)
		(User Ryan.Cabreza)
		(MsgId ECO_109)
		(Text "Text 2 at location (6775,5155) added to symbol sym_1")
		(Param1 2)
		(Param2 (6775,5155))
		(Param3 sym_1)
	)
	(Comment
		(Time 01/14/13,09:37:27)
		(User Ryan.Cabreza)
		(MsgId ECO_109)
		(Text "Text 3 at location (5775,5155) added to symbol sym_1")
		(Param1 3)
		(Param2 (5775,5155))
		(Param3 sym_1)
	)
	(Comment
		(Time 01/14/13,09:37:27)
		(User Ryan.Cabreza)
		(MsgId ECO_109)
		(Text "Text 4 at location (4775,5155) added to symbol sym_1")
		(Param1 4)
		(Param2 (4775,5155))
		(Param3 sym_1)
	)
	(Comment
		(Time 01/14/13,09:37:27)
		(User Ryan.Cabreza)
		(MsgId ECO_109)
		(Text "Text 5 at location (3800,5155) added to symbol sym_1")
		(Param1 5)
		(Param2 (3800,5155))
		(Param3 sym_1)
	)
	(Comment
		(Time 01/14/13,09:37:27)
		(User Ryan.Cabreza)
		(MsgId ECO_109)
		(Text "Text SIZE at location (6675,430) added to symbol sym_1")
		(Param1 SIZE)
		(Param2 (6675,430))
		(Param3 sym_1)
	)
	(Comment
		(Time 01/14/13,09:37:27)
		(User Ryan.Cabreza)
		(MsgId ECO_109)
		(Text "Text B at location (6805,370) added to symbol sym_1")
		(Param1 B)
		(Param2 (6805,370))
		(Param3 sym_1)
	)
	(Comment
		(Time 01/14/13,09:37:27)
		(User Ryan.Cabreza)
		(MsgId ECO_109)
		(Text "Text B at location (6800,375) added to symbol sym_1")
		(Param1 B)
		(Param2 (6800,375))
		(Param3 sym_1)
	)
	(Comment
		(Time 01/14/13,09:37:27)
		(User Ryan.Cabreza)
		(MsgId ECO_109)
		(Text "Text 2 at location (6800,30) added to symbol sym_1")
		(Param1 2)
		(Param2 (6800,30))
		(Param3 sym_1)
	)
	(Comment
		(Time 01/14/13,09:37:27)
		(User Ryan.Cabreza)
		(MsgId ECO_109)
		(Text "Text IS EXPRESSLY FORBIDDEN. at location (5538,153) added to symbol sym_1")
		(Param1 IS EXPRESSLY FORBIDDEN.)
		(Param2 (5538,153))
		(Param3 sym_1)
	)
	(Comment
		(Time 01/14/13,09:37:27)
		(User Ryan.Cabreza)
		(MsgId ECO_109)
		(Text "Text 3 at location (5800,30) added to symbol sym_1")
		(Param1 3)
		(Param2 (5800,30))
		(Param3 sym_1)
	)
	(Comment
		(Time 01/14/13,09:37:27)
		(User Ryan.Cabreza)
		(MsgId ECO_109)
		(Text "Text 4 at location (4800,30) added to symbol sym_1")
		(Param1 4)
		(Param2 (4800,30))
		(Param3 sym_1)
	)
	(Comment
		(Time 01/14/13,09:37:27)
		(User Ryan.Cabreza)
		(MsgId ECO_109)
		(Text "Text 5 at location (3775,30) added to symbol sym_1")
		(Param1 5)
		(Param2 (3775,30))
		(Param3 sym_1)
	)
	(Comment
		(Time 01/14/13,09:37:27)
		(User Ryan.Cabreza)
		(MsgId ECO_109)
		(Text "Text 6 at location (2800,5155) added to symbol sym_1")
		(Param1 6)
		(Param2 (2800,5155))
		(Param3 sym_1)
	)
	(Comment
		(Time 01/14/13,09:37:27)
		(User Ryan.Cabreza)
		(MsgId ECO_109)
		(Text "Text 7 at location (1800,5155) added to symbol sym_1")
		(Param1 7)
		(Param2 (1800,5155))
		(Param3 sym_1)
	)
	(Comment
		(Time 01/14/13,09:37:27)
		(User Ryan.Cabreza)
		(MsgId ECO_109)
		(Text "Text 8 at location (800,5155) added to symbol sym_1")
		(Param1 8)
		(Param2 (800,5155))
		(Param3 sym_1)
	)
	(Comment
		(Time 01/14/13,09:37:27)
		(User Ryan.Cabreza)
		(MsgId ECO_109)
		(Text "Text 6 at location (2775,30) added to symbol sym_1")
		(Param1 6)
		(Param2 (2775,30))
		(Param3 sym_1)
	)
	(Comment
		(Time 01/14/13,09:37:27)
		(User Ryan.Cabreza)
		(MsgId ECO_109)
		(Text "Text 7 at location (1775,30) added to symbol sym_1")
		(Param1 7)
		(Param2 (1775,30))
		(Param3 sym_1)
	)
	(Comment
		(Time 01/14/13,09:37:27)
		(User Ryan.Cabreza)
		(MsgId ECO_109)
		(Text "Text C at location (225,3405) added to symbol sym_1")
		(Param1 C)
		(Param2 (225,3405))
		(Param3 sym_1)
	)
	(Comment
		(Time 01/14/13,09:37:27)
		(User Ryan.Cabreza)
		(MsgId ECO_109)
		(Text "Text B at location (225,2280) added to symbol sym_1")
		(Param1 B)
		(Param2 (225,2280))
		(Param3 sym_1)
	)
	(Comment
		(Time 01/14/13,09:37:27)
		(User Ryan.Cabreza)
		(MsgId ECO_109)
		(Text "Text A at location (225,1080) added to symbol sym_1")
		(Param1 A)
		(Param2 (225,1080))
		(Param3 sym_1)
	)
	(Comment
		(Time 01/14/13,09:37:27)
		(User Ryan.Cabreza)
		(MsgId ECO_109)
		(Text "Text 8 at location (800,30) added to symbol sym_1")
		(Param1 8)
		(Param2 (800,30))
		(Param3 sym_1)
	)
	(Comment
		(Time 01/14/13,09:37:27)
		(User Ryan.Cabreza)
		(MsgId ECO_109)
		(Text "Text D at location (225,4580) added to symbol sym_1")
		(Param1 D)
		(Param2 (225,4580))
		(Param3 sym_1)
	)
	(Comment
		(Time 01/14/13,09:37:27)
		(User Ryan.Cabreza)
		(MsgId ECO_084)
		(Text "Property CUSTOM_TXT_CDS added to symbol sym_1")
		(Param1 CUSTOM_TXT_CDS)
		(Param2 sym_1)
	)
	(Comment
		(Time 01/14/13,09:37:27)
		(User Ryan.Cabreza)
		(MsgId ECO_084)
		(Text "Property CUSTOM_TXT_CDS added to symbol sym_1")
		(Param1 CUSTOM_TXT_CDS)
		(Param2 sym_1)
	)
	(Comment
		(Time 01/14/13,09:37:27)
		(User Ryan.Cabreza)
		(MsgId ECO_084)
		(Text "Property CUSTOM_TXT_CDS added to symbol sym_1")
		(Param1 CUSTOM_TXT_CDS)
		(Param2 sym_1)
	)
	(Comment
		(Time 01/14/13,09:37:27)
		(User Ryan.Cabreza)
		(MsgId ECO_084)
		(Text "Property CUSTOM_TXT_CDS added to symbol sym_1")
		(Param1 CUSTOM_TXT_CDS)
		(Param2 sym_1)
	)
	(Comment
		(Time 01/14/13,09:37:27)
		(User Ryan.Cabreza)
		(MsgId ECO_084)
		(Text "Property CUSTOM_TXT_CDS added to symbol sym_1")
		(Param1 CUSTOM_TXT_CDS)
		(Param2 sym_1)
	)
	(Comment
		(Time 01/14/13,09:37:27)
		(User Ryan.Cabreza)
		(MsgId ECO_084)
		(Text "Property CUSTOM_TXT_CDS added to symbol sym_1")
		(Param1 CUSTOM_TXT_CDS)
		(Param2 sym_1)
	)
	(Comment
		(Time 01/14/13,09:37:27)
		(User Ryan.Cabreza)
		(MsgId ECO_084)
		(Text "Property CUSTOM_TXT_CDS added to symbol sym_1")
		(Param1 CUSTOM_TXT_CDS)
		(Param2 sym_1)
	)
	(Comment
		(Time 01/14/13,09:37:27)
		(User Ryan.Cabreza)
		(MsgId ECO_084)
		(Text "Property COMMENT_BODY added to symbol sym_1")
		(Param1 COMMENT_BODY)
		(Param2 sym_1)
	)
	(Comment
		(Time 01/14/13,09:37:27)
		(User Ryan.Cabreza)
		(MsgId ECO_094)
		(Text "Graphics in symbol  modified")
		(Param1 )
	)
	(Comment
		(Time 01/14/13,09:37:27)
		(User Ryan.Cabreza)
		(MsgId ECO_332)
		(Text "Revision for symbol sym_1 has been updated to 2.0.0")
		(Param1 sym_1)
		(Param2 2.0.0)
	)
	(Comment
		(Time 01/14/13,09:37:27)
		(User Ryan.Cabreza)
		(MsgId ECO_331)
		(Text "Revision for cell maxim b size page has been updated to 2.0.0")
		(Param1 maxim b size page)
		(Param2 2.0.0)
	)
	(Comment
		(Time 02/21/14,09:45:41)
		(User Ryan.Cabreza)
		(MsgId ECO_110)
		(Text "Text A at location (-8300,1100) deleted from symbol sym_1")
		(Param1 "A")
		(Param2 "(-8300,1100)")
		(Param3 "sym_1")
	)
	(Comment
		(Time 02/21/14,09:45:41)
		(User Ryan.Cabreza)
		(MsgId ECO_110)
		(Text "Text 8 at location (-7725,50) deleted from symbol sym_1")
		(Param1 "8")
		(Param2 "(-7725,50)")
		(Param3 "sym_1")
	)
	(Comment
		(Time 02/21/14,09:45:41)
		(User Ryan.Cabreza)
		(MsgId ECO_110)
		(Text "Text 7 at location (-6750,50) deleted from symbol sym_1")
		(Param1 "7")
		(Param2 "(-6750,50)")
		(Param3 "sym_1")
	)
	(Comment
		(Time 02/21/14,09:45:41)
		(User Ryan.Cabreza)
		(MsgId ECO_110)
		(Text "Text B at location (-8300,2300) deleted from symbol sym_1")
		(Param1 "B")
		(Param2 "(-8300,2300)")
		(Param3 "sym_1")
	)
	(Comment
		(Time 02/21/14,09:45:41)
		(User Ryan.Cabreza)
		(MsgId ECO_110)
		(Text "Text C at location (-8300,3425) deleted from symbol sym_1")
		(Param1 "C")
		(Param2 "(-8300,3425)")
		(Param3 "sym_1")
	)
	(Comment
		(Time 02/21/14,09:45:41)
		(User Ryan.Cabreza)
		(MsgId ECO_110)
		(Text "Text 6 at location (-5750,50) deleted from symbol sym_1")
		(Param1 "6")
		(Param2 "(-5750,50)")
		(Param3 "sym_1")
	)
	(Comment
		(Time 02/21/14,09:45:41)
		(User Ryan.Cabreza)
		(MsgId ECO_110)
		(Text "Text 5 at location (-4750,50) deleted from symbol sym_1")
		(Param1 "5")
		(Param2 "(-4750,50)")
		(Param3 "sym_1")
	)
	(Comment
		(Time 02/21/14,09:45:41)
		(User Ryan.Cabreza)
		(MsgId ECO_110)
		(Text "Text 4 at location (-3725,50) deleted from symbol sym_1")
		(Param1 "4")
		(Param2 "(-3725,50)")
		(Param3 "sym_1")
	)
	(Comment
		(Time 02/21/14,09:45:41)
		(User Ryan.Cabreza)
		(MsgId ECO_110)
		(Text "Text 3 at location (-2725,50) deleted from symbol sym_1")
		(Param1 "3")
		(Param2 "(-2725,50)")
		(Param3 "sym_1")
	)
	(Comment
		(Time 02/21/14,09:45:41)
		(User Ryan.Cabreza)
		(MsgId ECO_110)
		(Text "Text TEST ENGINEER: at location (-2990,955) deleted from symbol sym_1")
		(Param1 "TEST ENGINEER:")
		(Param2 "(-2990,955)")
		(Param3 "sym_1")
	)
	(Comment
		(Time 02/21/14,09:45:41)
		(User Ryan.Cabreza)
		(MsgId ECO_110)
		(Text "Text ASSEMBLY NAME / NUMBER: at location (-2990,1030) deleted from symbol sym_1")
		(Param1 "ASSEMBLY NAME / NUMBER:")
		(Param2 "(-2990,1030)")
		(Param3 "sym_1")
	)
	(Comment
		(Time 02/21/14,09:45:41)
		(User Ryan.Cabreza)
		(MsgId ECO_110)
		(Text "Text PERMISSION OF AN OFFICER OF MAXIM IS at location (-2987,253) deleted from symbol sym_1")
		(Param1 "PERMISSION OF AN OFFICER OF MAXIM IS")
		(Param2 "(-2987,253)")
		(Param3 "sym_1")
	)
	(Comment
		(Time 02/21/14,09:45:41)
		(User Ryan.Cabreza)
		(MsgId ECO_110)
		(Text "Text IS EXPRESSLY FORBIDDEN. at location (-2987,173) deleted from symbol sym_1")
		(Param1 "IS EXPRESSLY FORBIDDEN.")
		(Param2 "(-2987,173)")
		(Param3 "sym_1")
	)
	(Comment
		(Time 02/21/14,09:45:41)
		(User Ryan.Cabreza)
		(MsgId ECO_110)
		(Text "Text PROPRIETARY TO MAXIM USE OR DISCLOSURE at location (-2987,328) deleted from symbol sym_1")
		(Param1 "PROPRIETARY TO MAXIM USE OR DISCLOSURE")
		(Param2 "(-2987,328)")
		(Param3 "sym_1")
	)
	(Comment
		(Time 02/21/14,09:45:41)
		(User Ryan.Cabreza)
		(MsgId ECO_110)
		(Text "Text THIS DOCUMENT CONTAINS INFORMATION at location (-2987,408) deleted from symbol sym_1")
		(Param1 "THIS DOCUMENT CONTAINS INFORMATION")
		(Param2 "(-2987,408)")
		(Param3 "sym_1")
	)
	(Comment
		(Time 02/21/14,09:45:41)
		(User Ryan.Cabreza)
		(MsgId ECO_110)
		(Text "Text PCB LAYOUT DESIGNER: at location (-2990,805) deleted from symbol sym_1")
		(Param1 "PCB LAYOUT DESIGNER:")
		(Param2 "(-2990,805)")
		(Param3 "sym_1")
	)
	(Comment
		(Time 02/21/14,09:45:41)
		(User Ryan.Cabreza)
		(MsgId ECO_110)
		(Text "Text HARDWARE ENGINEER: at location (-2990,880) deleted from symbol sym_1")
		(Param1 "HARDWARE ENGINEER:")
		(Param2 "(-2990,880)")
		(Param3 "sym_1")
	)
	(Comment
		(Time 02/21/14,09:45:41)
		(User Ryan.Cabreza)
		(MsgId ECO_110)
		(Text "Text ENGINEER: at location (-1850,325) deleted from symbol sym_1")
		(Param1 "ENGINEER:")
		(Param2 "(-1850,325)")
		(Param3 "sym_1")
	)
	(Comment
		(Time 02/21/14,09:45:41)
		(User Ryan.Cabreza)
		(MsgId ECO_110)
		(Text "Text 2 at location (-1725,50) deleted from symbol sym_1")
		(Param1 "2")
		(Param2 "(-1725,50)")
		(Param3 "sym_1")
	)
	(Comment
		(Time 02/21/14,09:45:41)
		(User Ryan.Cabreza)
		(MsgId ECO_110)
		(Text "Text SIZE at location (-1850,450) deleted from symbol sym_1")
		(Param1 "SIZE")
		(Param2 "(-1850,450)")
		(Param3 "sym_1")
	)
	(Comment
		(Time 02/21/14,09:45:41)
		(User Ryan.Cabreza)
		(MsgId ECO_110)
		(Text "Text DRAWING NO: at location (-1618,443) deleted from symbol sym_1")
		(Param1 "DRAWING NO:")
		(Param2 "(-1618,443)")
		(Param3 "sym_1")
	)
	(Comment
		(Time 02/21/14,09:45:41)
		(User Ryan.Cabreza)
		(MsgId ECO_110)
		(Text "Text PROJECT TITLE: at location (-1840,705) deleted from symbol sym_1")
		(Param1 "PROJECT TITLE:")
		(Param2 "(-1840,705)")
		(Param3 "sym_1")
	)
	(Comment
		(Time 02/21/14,09:45:41)
		(User Ryan.Cabreza)
		(MsgId ECO_110)
		(Text "Text DRAWING TITLE: at location (-1840,580) deleted from symbol sym_1")
		(Param1 "DRAWING TITLE:")
		(Param2 "(-1840,580)")
		(Param3 "sym_1")
	)
	(Comment
		(Time 02/21/14,09:45:41)
		(User Ryan.Cabreza)
		(MsgId ECO_110)
		(Text "Text DRAWN BY: at location (-1200,325) deleted from symbol sym_1")
		(Param1 "DRAWN BY:")
		(Param2 "(-1200,325)")
		(Param3 "sym_1")
	)
	(Comment
		(Time 02/21/14,09:45:41)
		(User Ryan.Cabreza)
		(MsgId ECO_110)
		(Text "Text TEMPLATE REV: at location (-1200,200) deleted from symbol sym_1")
		(Param1 "TEMPLATE REV:")
		(Param2 "(-1200,200)")
		(Param3 "sym_1")
	)
	(Comment
		(Time 02/21/14,09:45:41)
		(User Ryan.Cabreza)
		(MsgId ECO_110)
		(Text "Text 1 at location (-700,50) deleted from symbol sym_1")
		(Param1 "1")
		(Param2 "(-700,50)")
		(Param3 "sym_1")
	)
	(Comment
		(Time 02/21/14,09:45:41)
		(User Ryan.Cabreza)
		(MsgId ECO_110)
		(Text "Text 8 at location (-7725,5175) deleted from symbol sym_1")
		(Param1 "8")
		(Param2 "(-7725,5175)")
		(Param3 "sym_1")
	)
	(Comment
		(Time 02/21/14,09:45:41)
		(User Ryan.Cabreza)
		(MsgId ECO_110)
		(Text "Text D at location (-8300,4600) deleted from symbol sym_1")
		(Param1 "D")
		(Param2 "(-8300,4600)")
		(Param3 "sym_1")
	)
	(Comment
		(Time 02/21/14,09:45:41)
		(User Ryan.Cabreza)
		(MsgId ECO_110)
		(Text "Text 7 at location (-6725,5175) deleted from symbol sym_1")
		(Param1 "7")
		(Param2 "(-6725,5175)")
		(Param3 "sym_1")
	)
	(Comment
		(Time 02/21/14,09:45:41)
		(User Ryan.Cabreza)
		(MsgId ECO_110)
		(Text "Text 6 at location (-5725,5175) deleted from symbol sym_1")
		(Param1 "6")
		(Param2 "(-5725,5175)")
		(Param3 "sym_1")
	)
	(Comment
		(Time 02/21/14,09:45:41)
		(User Ryan.Cabreza)
		(MsgId ECO_110)
		(Text "Text 5 at location (-4725,5175) deleted from symbol sym_1")
		(Param1 "5")
		(Param2 "(-4725,5175)")
		(Param3 "sym_1")
	)
	(Comment
		(Time 02/21/14,09:45:41)
		(User Ryan.Cabreza)
		(MsgId ECO_110)
		(Text "Text 4 at location (-3750,5175) deleted from symbol sym_1")
		(Param1 "4")
		(Param2 "(-3750,5175)")
		(Param3 "sym_1")
	)
	(Comment
		(Time 02/21/14,09:45:41)
		(User Ryan.Cabreza)
		(MsgId ECO_110)
		(Text "Text 3 at location (-2750,5175) deleted from symbol sym_1")
		(Param1 "3")
		(Param2 "(-2750,5175)")
		(Param3 "sym_1")
	)
	(Comment
		(Time 02/21/14,09:45:41)
		(User Ryan.Cabreza)
		(MsgId ECO_110)
		(Text "Text 2 at location (-1750,5175) deleted from symbol sym_1")
		(Param1 "2")
		(Param2 "(-1750,5175)")
		(Param3 "sym_1")
	)
	(Comment
		(Time 02/21/14,09:45:41)
		(User Ryan.Cabreza)
		(MsgId ECO_110)
		(Text "Text ZONE at location (-1850,4925) deleted from symbol sym_1")
		(Param1 "ZONE")
		(Param2 "(-1850,4925)")
		(Param3 "sym_1")
	)
	(Comment
		(Time 02/21/14,09:45:41)
		(User Ryan.Cabreza)
		(MsgId ECO_110)
		(Text "Text LTR at location (-1650,4925) deleted from symbol sym_1")
		(Param1 "LTR")
		(Param2 "(-1650,4925)")
		(Param3 "sym_1")
	)
	(Comment
		(Time 02/21/14,09:45:41)
		(User Ryan.Cabreza)
		(MsgId ECO_110)
		(Text "Text REVISIONS at location (-1225,5025) deleted from symbol sym_1")
		(Param1 "REVISIONS")
		(Param2 "(-1225,5025)")
		(Param3 "sym_1")
	)
	(Comment
		(Time 02/21/14,09:45:41)
		(User Ryan.Cabreza)
		(MsgId ECO_110)
		(Text "Text DESCRIPTION at location (-1250,4925) deleted from symbol sym_1")
		(Param1 "DESCRIPTION")
		(Param2 "(-1250,4925)")
		(Param3 "sym_1")
	)
	(Comment
		(Time 02/21/14,09:45:41)
		(User Ryan.Cabreza)
		(MsgId ECO_110)
		(Text "Text 1 at location (-725,5175) deleted from symbol sym_1")
		(Param1 "1")
		(Param2 "(-725,5175)")
		(Param3 "sym_1")
	)
	(Comment
		(Time 02/21/14,09:45:41)
		(User Ryan.Cabreza)
		(MsgId ECO_110)
		(Text "Text DATE at location (-625,4925) deleted from symbol sym_1")
		(Param1 "DATE")
		(Param2 "(-625,4925)")
		(Param3 "sym_1")
	)
	(Comment
		(Time 02/21/14,09:45:41)
		(User Ryan.Cabreza)
		(MsgId ECO_110)
		(Text "Text REV: at location (-560,200) deleted from symbol sym_1")
		(Param1 "REV:")
		(Param2 "(-560,200)")
		(Param3 "sym_1")
	)
	(Comment
		(Time 02/21/14,09:45:41)
		(User Ryan.Cabreza)
		(MsgId ECO_110)
		(Text "Text DATE: at location (-585,325) deleted from symbol sym_1")
		(Param1 "DATE:")
		(Param2 "(-585,325)")
		(Param3 "sym_1")
	)
	(Comment
		(Time 02/21/14,09:45:41)
		(User Ryan.Cabreza)
		(MsgId ECO_110)
		(Text "Text A at location (-175,1100) deleted from symbol sym_1")
		(Param1 "A")
		(Param2 "(-175,1100)")
		(Param3 "sym_1")
	)
	(Comment
		(Time 02/21/14,09:45:41)
		(User Ryan.Cabreza)
		(MsgId ECO_110)
		(Text "Text B at location (-175,2300) deleted from symbol sym_1")
		(Param1 "B")
		(Param2 "(-175,2300)")
		(Param3 "sym_1")
	)
	(Comment
		(Time 02/21/14,09:45:41)
		(User Ryan.Cabreza)
		(MsgId ECO_110)
		(Text "Text C at location (-175,3425) deleted from symbol sym_1")
		(Param1 "C")
		(Param2 "(-175,3425)")
		(Param3 "sym_1")
	)
	(Comment
		(Time 02/21/14,09:45:41)
		(User Ryan.Cabreza)
		(MsgId ECO_110)
		(Text "Text AUTHOR at location (-425,4925) deleted from symbol sym_1")
		(Param1 "AUTHOR")
		(Param2 "(-425,4925)")
		(Param3 "sym_1")
	)
	(Comment
		(Time 02/21/14,09:45:41)
		(User Ryan.Cabreza)
		(MsgId ECO_110)
		(Text "Text D at location (-175,4550) deleted from symbol sym_1")
		(Param1 "D")
		(Param2 "(-175,4550)")
		(Param3 "sym_1")
	)
	(Comment
		(Time 02/21/14,09:45:41)
		(User Ryan.Cabreza)
		(MsgId ECO_109)
		(Text "Text DRAWING TITLE: at location (6685,560) added to symbol sym_1")
		(Param1 "DRAWING TITLE:")
		(Param2 "(6685,560)")
		(Param3 "sym_1")
	)
	(Comment
		(Time 02/21/14,09:45:41)
		(User Ryan.Cabreza)
		(MsgId ECO_109)
		(Text "Text HARDWARE NUMBER: at location (6907,423) added to symbol sym_1")
		(Param1 "HARDWARE NUMBER:")
		(Param2 "(6907,423)")
		(Param3 "sym_1")
	)
	(Comment
		(Time 02/21/14,09:45:41)
		(User Ryan.Cabreza)
		(MsgId ECO_109)
		(Text "Text PROJECT TITLE: at location (6685,685) added to symbol sym_1")
		(Param1 "PROJECT TITLE:")
		(Param2 "(6685,685)")
		(Param3 "sym_1")
	)
	(Comment
		(Time 02/21/14,09:45:41)
		(User Ryan.Cabreza)
		(MsgId ECO_109)
		(Text "Text 1 at location (7825,30) added to symbol sym_1")
		(Param1 "1")
		(Param2 "(7825,30)")
		(Param3 "sym_1")
	)
	(Comment
		(Time 02/21/14,09:45:41)
		(User Ryan.Cabreza)
		(MsgId ECO_109)
		(Text "Text 5 at location (3800,5155) added to symbol sym_1")
		(Param1 "5")
		(Param2 "(3800,5155)")
		(Param3 "sym_1")
	)
	(Comment
		(Time 02/21/14,09:45:41)
		(User Ryan.Cabreza)
		(MsgId ECO_109)
		(Text "Text D at location (225,4580) added to symbol sym_1")
		(Param1 "D")
		(Param2 "(225,4580)")
		(Param3 "sym_1")
	)
	(Comment
		(Time 02/21/14,09:45:41)
		(User Ryan.Cabreza)
		(MsgId ECO_109)
		(Text "Text 8 at location (800,30) added to symbol sym_1")
		(Param1 "8")
		(Param2 "(800,30)")
		(Param3 "sym_1")
	)
	(Comment
		(Time 02/21/14,09:45:41)
		(User Ryan.Cabreza)
		(MsgId ECO_109)
		(Text "Text A at location (225,1080) added to symbol sym_1")
		(Param1 "A")
		(Param2 "(225,1080)")
		(Param3 "sym_1")
	)
	(Comment
		(Time 02/21/14,09:45:41)
		(User Ryan.Cabreza)
		(MsgId ECO_109)
		(Text "Text B at location (225,2280) added to symbol sym_1")
		(Param1 "B")
		(Param2 "(225,2280)")
		(Param3 "sym_1")
	)
	(Comment
		(Time 02/21/14,09:45:41)
		(User Ryan.Cabreza)
		(MsgId ECO_109)
		(Text "Text C at location (225,3405) added to symbol sym_1")
		(Param1 "C")
		(Param2 "(225,3405)")
		(Param3 "sym_1")
	)
	(Comment
		(Time 02/21/14,09:45:41)
		(User Ryan.Cabreza)
		(MsgId ECO_109)
		(Text "Text 7 at location (1775,30) added to symbol sym_1")
		(Param1 "7")
		(Param2 "(1775,30)")
		(Param3 "sym_1")
	)
	(Comment
		(Time 02/21/14,09:45:41)
		(User Ryan.Cabreza)
		(MsgId ECO_109)
		(Text "Text 6 at location (2775,30) added to symbol sym_1")
		(Param1 "6")
		(Param2 "(2775,30)")
		(Param3 "sym_1")
	)
	(Comment
		(Time 02/21/14,09:45:41)
		(User Ryan.Cabreza)
		(MsgId ECO_109)
		(Text "Text 8 at location (800,5155) added to symbol sym_1")
		(Param1 "8")
		(Param2 "(800,5155)")
		(Param3 "sym_1")
	)
	(Comment
		(Time 02/21/14,09:45:41)
		(User Ryan.Cabreza)
		(MsgId ECO_109)
		(Text "Text 7 at location (1800,5155) added to symbol sym_1")
		(Param1 "7")
		(Param2 "(1800,5155)")
		(Param3 "sym_1")
	)
	(Comment
		(Time 02/21/14,09:45:41)
		(User Ryan.Cabreza)
		(MsgId ECO_109)
		(Text "Text 6 at location (2800,5155) added to symbol sym_1")
		(Param1 "6")
		(Param2 "(2800,5155)")
		(Param3 "sym_1")
	)
	(Comment
		(Time 02/21/14,09:45:41)
		(User Ryan.Cabreza)
		(MsgId ECO_109)
		(Text "Text 5 at location (3775,30) added to symbol sym_1")
		(Param1 "5")
		(Param2 "(3775,30)")
		(Param3 "sym_1")
	)
	(Comment
		(Time 02/21/14,09:45:41)
		(User Ryan.Cabreza)
		(MsgId ECO_109)
		(Text "Text 4 at location (4800,30) added to symbol sym_1")
		(Param1 "4")
		(Param2 "(4800,30)")
		(Param3 "sym_1")
	)
	(Comment
		(Time 02/21/14,09:45:41)
		(User Ryan.Cabreza)
		(MsgId ECO_109)
		(Text "Text 3 at location (5800,30) added to symbol sym_1")
		(Param1 "3")
		(Param2 "(5800,30)")
		(Param3 "sym_1")
	)
	(Comment
		(Time 02/21/14,09:45:41)
		(User Ryan.Cabreza)
		(MsgId ECO_109)
		(Text "Text IS EXPRESSLY FORBIDDEN. at location (5538,153) added to symbol sym_1")
		(Param1 "IS EXPRESSLY FORBIDDEN.")
		(Param2 "(5538,153)")
		(Param3 "sym_1")
	)
	(Comment
		(Time 02/21/14,09:45:41)
		(User Ryan.Cabreza)
		(MsgId ECO_109)
		(Text "Text 2 at location (6800,30) added to symbol sym_1")
		(Param1 "2")
		(Param2 "(6800,30)")
		(Param3 "sym_1")
	)
	(Comment
		(Time 02/21/14,09:45:41)
		(User Ryan.Cabreza)
		(MsgId ECO_109)
		(Text "Text B at location (6800,375) added to symbol sym_1")
		(Param1 "B")
		(Param2 "(6800,375)")
		(Param3 "sym_1")
	)
	(Comment
		(Time 02/21/14,09:45:41)
		(User Ryan.Cabreza)
		(MsgId ECO_109)
		(Text "Text B at location (6805,370) added to symbol sym_1")
		(Param1 "B")
		(Param2 "(6805,370)")
		(Param3 "sym_1")
	)
	(Comment
		(Time 02/21/14,09:45:41)
		(User Ryan.Cabreza)
		(MsgId ECO_109)
		(Text "Text SIZE at location (6675,430) added to symbol sym_1")
		(Param1 "SIZE")
		(Param2 "(6675,430)")
		(Param3 "sym_1")
	)
	(Comment
		(Time 02/21/14,09:45:41)
		(User Ryan.Cabreza)
		(MsgId ECO_109)
		(Text "Text 4 at location (4775,5155) added to symbol sym_1")
		(Param1 "4")
		(Param2 "(4775,5155)")
		(Param3 "sym_1")
	)
	(Comment
		(Time 02/21/14,09:45:41)
		(User Ryan.Cabreza)
		(MsgId ECO_109)
		(Text "Text 3 at location (5775,5155) added to symbol sym_1")
		(Param1 "3")
		(Param2 "(5775,5155)")
		(Param3 "sym_1")
	)
	(Comment
		(Time 02/21/14,09:45:41)
		(User Ryan.Cabreza)
		(MsgId ECO_109)
		(Text "Text 2 at location (6775,5155) added to symbol sym_1")
		(Param1 "2")
		(Param2 "(6775,5155)")
		(Param3 "sym_1")
	)
	(Comment
		(Time 02/21/14,09:45:41)
		(User Ryan.Cabreza)
		(MsgId ECO_109)
		(Text "Text LTR at location (6875,4905) added to symbol sym_1")
		(Param1 "LTR")
		(Param2 "(6875,4905)")
		(Param3 "sym_1")
	)
	(Comment
		(Time 02/21/14,09:45:41)
		(User Ryan.Cabreza)
		(MsgId ECO_109)
		(Text "Text DATE: at location (7940,305) added to symbol sym_1")
		(Param1 "DATE:")
		(Param2 "(7940,305)")
		(Param3 "sym_1")
	)
	(Comment
		(Time 02/21/14,09:45:41)
		(User Ryan.Cabreza)
		(MsgId ECO_109)
		(Text "Text A at location (8350,1080) added to symbol sym_1")
		(Param1 "A")
		(Param2 "(8350,1080)")
		(Param3 "sym_1")
	)
	(Comment
		(Time 02/21/14,09:45:41)
		(User Ryan.Cabreza)
		(MsgId ECO_109)
		(Text "Text B at location (8350,2280) added to symbol sym_1")
		(Param1 "B")
		(Param2 "(8350,2280)")
		(Param3 "sym_1")
	)
	(Comment
		(Time 02/21/14,09:45:41)
		(User Ryan.Cabreza)
		(MsgId ECO_109)
		(Text "Text C at location (8350,3405) added to symbol sym_1")
		(Param1 "C")
		(Param2 "(8350,3405)")
		(Param3 "sym_1")
	)
	(Comment
		(Time 02/21/14,09:45:41)
		(User Ryan.Cabreza)
		(MsgId ECO_109)
		(Text "Text REVISIONS at location (7300,5005) added to symbol sym_1")
		(Param1 "REVISIONS")
		(Param2 "(7300,5005)")
		(Param3 "sym_1")
	)
	(Comment
		(Time 02/21/14,09:45:41)
		(User Ryan.Cabreza)
		(MsgId ECO_109)
		(Text "Text DESCRIPTION at location (7275,4905) added to symbol sym_1")
		(Param1 "DESCRIPTION")
		(Param2 "(7275,4905)")
		(Param3 "sym_1")
	)
	(Comment
		(Time 02/21/14,09:45:41)
		(User Ryan.Cabreza)
		(MsgId ECO_109)
		(Text "Text D at location (8350,4530) added to symbol sym_1")
		(Param1 "D")
		(Param2 "(8350,4530)")
		(Param3 "sym_1")
	)
	(Comment
		(Time 02/21/14,09:45:41)
		(User Ryan.Cabreza)
		(MsgId ECO_109)
		(Text "Text AUTHOR at location (8100,4905) added to symbol sym_1")
		(Param1 "AUTHOR")
		(Param2 "(8100,4905)")
		(Param3 "sym_1")
	)
	(Comment
		(Time 02/21/14,09:45:41)
		(User Ryan.Cabreza)
		(MsgId ECO_109)
		(Text "Text DATE at location (7900,4905) added to symbol sym_1")
		(Param1 "DATE")
		(Param2 "(7900,4905)")
		(Param3 "sym_1")
	)
	(Comment
		(Time 02/21/14,09:45:41)
		(User Ryan.Cabreza)
		(MsgId ECO_109)
		(Text "Text 1 at location (7800,5155) added to symbol sym_1")
		(Param1 "1")
		(Param2 "(7800,5155)")
		(Param3 "sym_1")
	)
	(Comment
		(Time 02/21/14,09:45:41)
		(User Ryan.Cabreza)
		(MsgId ECO_109)
		(Text "Text ZONE at location (6675,4905) added to symbol sym_1")
		(Param1 "ZONE")
		(Param2 "(6675,4905)")
		(Param3 "sym_1")
	)
	(Comment
		(Time 02/21/14,09:45:41)
		(User Ryan.Cabreza)
		(MsgId ECO_109)
		(Text "Text THIS DOCUMENT CONTAINS INFORMATION at location (5538,388) added to symbol sym_1")
		(Param1 "THIS DOCUMENT CONTAINS INFORMATION")
		(Param2 "(5538,388)")
		(Param3 "sym_1")
	)
	(Comment
		(Time 02/21/14,09:45:41)
		(User Ryan.Cabreza)
		(MsgId ECO_109)
		(Text "Text PROPRIETARY TO MAXIM USE OR DISCLOSURE at location (5538,308) added to symbol sym_1")
		(Param1 "PROPRIETARY TO MAXIM USE OR DISCLOSURE")
		(Param2 "(5538,308)")
		(Param3 "sym_1")
	)
	(Comment
		(Time 02/21/14,09:45:41)
		(User Ryan.Cabreza)
		(MsgId ECO_109)
		(Text "Text PERMISSION OF AN OFFICER OF MAXIM IS at location (5538,233) added to symbol sym_1")
		(Param1 "PERMISSION OF AN OFFICER OF MAXIM IS")
		(Param2 "(5538,233)")
		(Param3 "sym_1")
	)
	(Comment
		(Time 02/21/14,09:45:41)
		(User Ryan.Cabreza)
		(MsgId ECO_109)
		(Text "Text ENGINEER: at location (6675,305) added to symbol sym_1")
		(Param1 "ENGINEER:")
		(Param2 "(6675,305)")
		(Param3 "sym_1")
	)
	(Comment
		(Time 02/21/14,09:45:41)
		(User Ryan.Cabreza)
		(MsgId ECO_109)
		(Text "Text TEMPLATE REV: at location (7325,180) added to symbol sym_1")
		(Param1 "TEMPLATE REV:")
		(Param2 "(7325,180)")
		(Param3 "sym_1")
	)
	(Comment
		(Time 02/21/14,09:45:41)
		(User Ryan.Cabreza)
		(MsgId ECO_109)
		(Text "Text REV: at location (7965,180) added to symbol sym_1")
		(Param1 "REV:")
		(Param2 "(7965,180)")
		(Param3 "sym_1")
	)
	(Comment
		(Time 02/21/14,09:45:41)
		(User Ryan.Cabreza)
		(MsgId ECO_109)
		(Text "Text DRAWN BY: at location (7325,305) added to symbol sym_1")
		(Param1 "DRAWN BY:")
		(Param2 "(7325,305)")
		(Param3 "sym_1")
	)
	(Comment
		(Time 02/21/14,09:45:41)
		(User Ryan.Cabreza)
		(MsgId ECO_084)
		(Text "Property CUSTOM_TXT_CDS added to symbol sym_1")
		(Param1 "CUSTOM_TXT_CDS")
		(Param2 "sym_1")
	)
	(Comment
		(Time 02/21/14,09:45:41)
		(User Ryan.Cabreza)
		(MsgId ECO_084)
		(Text "Property CUSTOM_TXT_CDS added to symbol sym_1")
		(Param1 "CUSTOM_TXT_CDS")
		(Param2 "sym_1")
	)
	(Comment
		(Time 02/21/14,09:45:41)
		(User Ryan.Cabreza)
		(MsgId ECO_084)
		(Text "Property CUSTOM_TXT_CDS added to symbol sym_1")
		(Param1 "CUSTOM_TXT_CDS")
		(Param2 "sym_1")
	)
	(Comment
		(Time 02/21/14,09:45:41)
		(User Ryan.Cabreza)
		(MsgId ECO_084)
		(Text "Property CUSTOM_TXT_CDS added to symbol sym_1")
		(Param1 "CUSTOM_TXT_CDS")
		(Param2 "sym_1")
	)
	(Comment
		(Time 02/21/14,09:45:41)
		(User Ryan.Cabreza)
		(MsgId ECO_084)
		(Text "Property CUSTOM_TXT_CDS added to symbol sym_1")
		(Param1 "CUSTOM_TXT_CDS")
		(Param2 "sym_1")
	)
	(Comment
		(Time 02/21/14,09:45:41)
		(User Ryan.Cabreza)
		(MsgId ECO_084)
		(Text "Property CUSTOM_TXT_CDS added to symbol sym_1")
		(Param1 "CUSTOM_TXT_CDS")
		(Param2 "sym_1")
	)
	(Comment
		(Time 02/21/14,09:45:41)
		(User Ryan.Cabreza)
		(MsgId ECO_084)
		(Text "Property CUSTOM_TXT_CDS added to symbol sym_1")
		(Param1 "CUSTOM_TXT_CDS")
		(Param2 "sym_1")
	)
	(Comment
		(Time 02/21/14,09:45:41)
		(User Ryan.Cabreza)
		(MsgId ECO_084)
		(Text "Property COMMENT_BODY added to symbol sym_1")
		(Param1 "COMMENT_BODY")
		(Param2 "sym_1")
	)
	(Comment
		(Time 02/21/14,09:45:41)
		(User Ryan.Cabreza)
		(MsgId ECO_094)
		(Text "Graphics in symbol  modified")
		(Param1 "")
	)
	(Comment
		(Time 02/21/14,09:45:41)
		(User Ryan.Cabreza)
		(MsgId ECO_332)
		(Text "Revision for symbol sym_1 has been updated to 3.0.0")
		(Param1 "sym_1")
		(Param2 "3.0.0")
	)
	(Comment
		(Time 02/21/14,09:45:41)
		(User Ryan.Cabreza)
		(MsgId ECO_331)
		(Text "Revision for cell maxim b size page has been updated to 3.0.0")
		(Param1 "maxim b size page")
		(Param2 "3.0.0")
	)

	(Comment
		(Time 02/21/14,09:46:13)
		(User Ryan.Cabreza)
		(MsgId USR)
		(Text "CHANGE DRAWING NUMBER TO HARDWARE NUMBER")
	)

